<?xml version="1.0" encoding="UTF-8"?>
<!-- Generated by org.testng.reporters.JUnitXMLReporter -->
<testsuite ignored="0" hostname="LAPTOP-NF7HVJ36" failures="0" tests="1" name="Test" time="0.19" errors="0" timestamp="2022-04-20T15:22:36 IST">
  <testcase classname="org.qa.testscripts.TestBase" name="@BeforeClass setup" time="0.025">
    <failure type="java.lang.Error" message="Unresolved compilation problems: 
	Browser cannot be resolved
	Browser cannot be resolved
	Browser cannot be resolved
">
      <![CDATA[java.lang.Error: Unresolved compilation problems: 
Browser cannot be resolved
Browser cannot be resolved
Browser cannot be resolved

at org.qa.testscripts.TestBase.setup(TestBase.java:20)
at java.base/java.util.ArrayList.forEach(ArrayList.java:1511)
... Removed 25 stack frames]]>
    </failure>
  </testcase> <!-- @BeforeClass setup -->
  <testcase classname="org.qa.testscripts.TestBase" name="@AfterClass tearDown" time="-1.650448356824E9">
    <skipped/>
  </testcase> <!-- @AfterClass tearDown -->
  <testcase classname="org.qa.testscripts.TC_YatraBuses_002" name="SearchBuses" time="0.0">
    <skipped/>
  </testcase> <!-- SearchBuses -->
</testsuite> <!-- Test -->
