<?xml version="1.0" encoding="UTF-8"?>
<testng-results ignored="0" total="3" passed="3" failed="0" skipped="0">
  <reporter-output>
    <line>
      <![CDATA[The user is landed on Yatra home page]]>
    </line>
    <line>
      <![CDATA[Buses Module is present in the current webpage!]]>
    </line>
    <line>
      <![CDATA[DepartFrom text field  is present in the current webpage!]]>
    </line>
    <line>
      <![CDATA[Hyderabad location is selected]]>
    </line>
    <line>
      <![CDATA[GoingTo text field  is present in the current webpage!]]>
    </line>
    <line>
      <![CDATA[Bangalore location is selected]]>
    </line>
    <line>
      <![CDATA[Bangalore]]>
    </line>
    <line>
      <![CDATA[Calender is Enabled]]>
    </line>
    <line>
      <![CDATA[Date in calender is selected]]>
    </line>
    <line>
      <![CDATA[SearchButton is displayed]]>
    </line>
    <line>
      <![CDATA[TestCase Is Passed]]>
    </line>
    <line>
      <![CDATA[==============================================]]>
    </line>
    <line>
      <![CDATA[Available Buses based on search Field : 203]]>
    </line>
    <line>
      <![CDATA[Morning Star Travels
AC Sleeper (2 + 1)
11:10
10h 50m
Boarding/Dropping Points
22:00
₹ 1,550
30 Seats Left
Select Seat
Cancellation Policy]]>
    </line>
    <line>
      <![CDATA[Morning Star Travels
A-C Sleeper (2+1)
11:41
9h 54m
Boarding/Dropping Points
21:35
₹ 1,630
30 Seats Left
Select Seat
Cancellation Policy]]>
    </line>
    <line>
      <![CDATA[Alhind Tours and Travels Pvt Ltd
Scania Multi-Axle AC Semi Sleeper (2+2)
12:50
9h 45m
Boarding/Dropping Points
22:35
₹ 1,050
34 Seats Left
Select Seat
Cancellation Policy]]>
    </line>
    <line>
      <![CDATA[Alhind Tours and Travels Pvt Ltd
Volvo Multi-Axle Sleeper A-C (2+1)
13:35
9h 55m
Boarding/Dropping Points
23:30
₹ 1,580
41 Seats Left
Select Seat
Cancellation Policy]]>
    </line>
    <line>
      <![CDATA[Orange Tours And Travels
Scania AC Multi Axle Sleeper (2+1)
14:55
9h 35m
Boarding/Dropping Points
00:30
₹ 1,850
31 Seats Left
Select Seat
Cancellation Policy]]>
    </line>
    <line>
      <![CDATA[Orange Tours and Travels Platinum
Volvo Multi-Axle Sleeper A-C (2+1)
14:55
9h 20m
Boarding/Dropping Points
00:15
₹ 1,850
39 Seats Left
Select Seat
Cancellation Policy]]>
    </line>
    <line>
      <![CDATA[Kallada Travels (Suresh Kallada)
A-C Sleeper (2+1)
15:15
10h
Boarding/Dropping Points
01:15
₹ 1,470
25 Seats Left
Select Seat
Cancellation Policy]]>
    </line>
    <line>
      <![CDATA[Swamy Ayyappa Travels
Capella A-C Sleeper (2+1)
15:20
9h 45m
Boarding/Dropping Points
01:05
₹ 1,630
31 Seats Left
Select Seat
Cancellation Policy]]>
    </line>
    <line>
      <![CDATA[Swamy Ayyappa Travels
Capella A-C Sleeper (2+1)
15:20
10h
Boarding/Dropping Points
01:20
₹ 1,630
36 Seats Left
Select Seat
Cancellation Policy]]>
    </line>
    <line>
      <![CDATA[Orange Tours and Travels
SCANIA AC Multi Axle Sleeper (2 + 1)
15:30
8h 25m
Boarding/Dropping Points
23:55
₹ 1,760
16 Seats Left
Select Seat
Cancellation Policy]]>
    </line>
    <line>
      <![CDATA[Orange Tours and Travels Platinum
VOLVO AC Multi Axle Sleeper (2 + 1)
15:30
8h 29m
Boarding/Dropping Points
23:59
₹ 1,760
12 Seats Left
Select Seat
Cancellation Policy]]>
    </line>
    <line>
      <![CDATA[Kallada Travels (Suresh Kallada)
Volvo Multi-Axle I-Shift A-C Semi Sleeper (2+2)
15:40
9h 20m
Boarding/Dropping Points
01:00
₹ 1,260
34 Seats Left
Select Seat
Cancellation Policy]]>
    </line>
    <line>
      <![CDATA[Alhind Tours and Travels Pvt Ltd
Volvo Multi-Axle Sleeper A-C (2+1)
15:40
9h 35m
Boarding/Dropping Points
01:15
₹ 1,580
35 Seats Left
Select Seat
Cancellation Policy]]>
    </line>
    <line>
      <![CDATA[Orange Tours and Travels Platinum
Volvo Multi-Axle Sleeper A-C (2+1)
15:50
9h 55m
Boarding/Dropping Points
01:45
₹ 1,850
31 Seats Left
Select Seat
Cancellation Policy]]>
    </line>
    <line>
      <![CDATA[Swamy Ayyappa Travels
AC Sleeper (2 + 1)
16:00
9h 15m
Boarding/Dropping Points
01:15
₹ 1,550
36 Seats Left
Select Seat
Cancellation Policy]]>
    </line>
    <line>
      <![CDATA[Kallada Tours and Travels
AC Sleeper (2 + 1)
16:10
7h 49m
Boarding/Dropping Points
23:59
₹ 1,400
25 Seats Left
Select Seat
Cancellation Policy]]>
    </line>
    <line>
      <![CDATA[Kallada Travels (Suresh Kallada)
A-C Sleeper (2+1)
16:15
9h 45m
Boarding/Dropping Points
02:00
₹ 1,470
25 Seats Left
Select Seat
Cancellation Policy]]>
    </line>
    <line>
      <![CDATA[Swamy Ayyappa Travels
Volvo Multi-Axle Sleeper A-C (2+1)
16:20
10h 5m
Boarding/Dropping Points
02:25
₹ 1,680
35 Seats Left
Select Seat
Cancellation Policy]]>
    </line>
    <line>
      <![CDATA[Orange Tours and Travels Platinum
VOLVO AC Multi Axle Sleeper (2 + 1)
16:30
9h 45m
Boarding/Dropping Points
02:15
₹ 1,550
16 Seats Left
Select Seat
Cancellation Policy]]>
    </line>
    <line>
      <![CDATA[Kallada Tours and Travels
VOLVO AC Multi Axle Semi Sleeper (2 + 2)
16:50
7h 55m
Boarding/Dropping Points
00:45
₹ 1,200
34 Seats Left
Select Seat
Cancellation Policy]]>
    </line>
    <line>
      <![CDATA[Swamy Ayyappa Travels
AC Sleeper (2 + 1)
17:00
8h
Boarding/Dropping Points
01:00
₹ 1,550
31 Seats Left
Select Seat
Cancellation Policy]]>
    </line>
    <line>
      <![CDATA[Orange Tours and Travels
VOLVO AC Multi Axle Semi Sleeper (2 + 2)
17:05
10h 5m
Boarding/Dropping Points
03:10
₹ 1,100
10 Seats Left
Select Seat
Cancellation Policy]]>
    </line>
    <line>
      <![CDATA[Swamy Ayyappa Travels
VOLVO AC Multi Axle Sleeper (2 + 1)
17:15
9h 30m
Boarding/Dropping Points
02:45
₹ 1,600
35 Seats Left
Select Seat
Cancellation Policy]]>
    </line>
    <line>
      <![CDATA[Orange Tours and Travels Platinum
Volvo Multi-Axle Sleeper A-C (2+1)
18:15
9h 20m
Boarding/Dropping Points
03:35
₹ 1,850
39 Seats Left
Select Seat
Cancellation Policy]]>
    </line>
    <line>
      <![CDATA[Orange Tours and Travels Platinum
VOLVO AC Multi Axle Sleeper (2 + 1)
18:15
9h 5m
Boarding/Dropping Points
03:20
₹ 1,860
41 Seats Left
Select Seat
Cancellation Policy]]>
    </line>
    <line>
      <![CDATA[IntrCity SmartBus
A-C Semi Sleeper - Sleeper (2+1)
18:45
13h 30m
Boarding/Dropping Points
08:15
₹ 1,210
39 Seats Left
Select Seat
Cancellation Policy]]>
    </line>
    <line>
      <![CDATA[IntrCity SmartBus
AC Semi Sleeper-Sleeper (2 + 1)
18:50
12h 10m
Boarding/Dropping Points
07:00
₹ 1,150
39 Seats Left
Select Seat
Cancellation Policy]]>
    </line>
    <line>
      <![CDATA[Saleem Travels
NON A-C Semi Sleeper (2+2)
19:10
10h 51m
Boarding/Dropping Points
06:01
₹ 893
29 Seats Left
Select Seat
Cancellation Policy]]>
    </line>
    <line>
      <![CDATA[Orange Tours and Travels Grand
A-C Sleeper (2+1)
19:10
9h 50m
Boarding/Dropping Points
05:00
₹ 1,730
34 Seats Left
Select Seat
Cancellation Policy]]>
    </line>
    <line>
      <![CDATA[Orange Tours and Travels Platinum
Volvo Multi-Axle Sleeper A-C (2+1)
19:10
10h 5m
Boarding/Dropping Points
05:15
₹ 1,850
36 Seats Left
Select Seat
Cancellation Policy]]>
    </line>
    <line>
      <![CDATA[IntrCity SmartBus
AC Sleeper (2+1)
19:30
11h 20m
Boarding/Dropping Points
06:50
₹ 1,800
30 Seats Left
Select Seat
Cancellation Policy]]>
    </line>
    <line>
      <![CDATA[Kaleswari Travels
NON A-C Seater Push Back (2+1)
19:30
11h 45m
Boarding/Dropping Points
07:15
₹ 2,050
12 Seats Left
Select Seat
Cancellation Policy]]>
    </line>
    <line>
      <![CDATA[Kaleswari Travels
NON A-C Seater - Sleeper (2+1)
19:30
11h 45m
Boarding/Dropping Points
07:15
₹ 2,050
46 Seats Left
Select Seat
Cancellation Policy]]>
    </line>
    <line>
      <![CDATA[Jabbar Travels
NON A-C Seater - Sleeper (2+1)
19:35
10h 15m
Boarding/Dropping Points
05:50
₹ 840
31 Seats Left
Select Seat
Cancellation Policy]]>
    </line>
    <line>
      <![CDATA[Jabbar Travels
Scania Multi-Axle AC Semi Sleeper (2+2)
19:35
9h 40m
Boarding/Dropping Points
05:15
₹ 998
51 Seats Left
Select Seat
Cancellation Policy]]>
    </line>
    <line>
      <![CDATA[Sri Krishna Travels
NON A-C Seater - Sleeper (2+1)
19:40
11h 20m
Boarding/Dropping Points
07:00
₹ 893
26 Seats Left
Select Seat
Cancellation Policy]]>
    </line>
    <line>
      <![CDATA[Sri Krishna Travels
A-C Sleeper (2+1)
19:40
11h 20m
Boarding/Dropping Points
07:00
₹ 1,630
24 Seats Left
Select Seat
Cancellation Policy]]>
    </line>
    <line>
      <![CDATA[Jabbar Travels
NON-AC Seater-Sleeper (2 + 1)
19:45
9h 45m
Boarding/Dropping Points
05:30
₹ 800
34 Seats Left
Select Seat
Cancellation Policy]]>
    </line>
    <line>
      <![CDATA[Jabbar Travels
Non A-C, Seater Sleeper
19:45
9h 45m
Boarding/Dropping Points
05:30
₹ 1,200
31 Seats Left
Select Seat
Cancellation Policy]]>
    </line>
    <line>
      <![CDATA[V Kaveri Travels
Volvo Multi-Axle A-C Sleeper (2+1)
19:45
10h 20m
Boarding/Dropping Points
06:05
₹ 1,850
29 Seats Left
Select Seat
Cancellation Policy]]>
    </line>
    <line>
      <![CDATA[SR Tours and Travels
A-C Sleeper (2+1)
19:45
8h 45m
Boarding/Dropping Points
04:30
₹ 2,310
30 Seats Left
Select Seat
Cancellation Policy]]>
    </line>
    <line>
      <![CDATA[Swamy Ayyappa Travels
Volvo Multi-Axle Sleeper A-C (2+1)
19:50
8h 35m
Boarding/Dropping Points
04:25
₹ 1,680
37 Seats Left
Select Seat
Cancellation Policy]]>
    </line>
    <line>
      <![CDATA[SR Tours and Travels
AC Sleeper (2 + 1)
19:50
8h 15m
Boarding/Dropping Points
04:05
₹ 2,200
30 Seats Left
Select Seat
Cancellation Policy]]>
    </line>
    <line>
      <![CDATA[SR Tours and Travels
A-C, Sleeper
19:50
8h 15m
Boarding/Dropping Points
04:05
₹ 2,200
30 Seats Left
Select Seat
Cancellation Policy]]>
    </line>
    <line>
      <![CDATA[Sri Vinayaka Travels
NON-AC Seater-Sleeper (2 + 1)
20:00
10h 30m
Boarding/Dropping Points
06:30
₹ 900
40 Seats Left
Select Seat
Cancellation Policy]]>
    </line>
    <line>
      <![CDATA[Aditya Bus
AC Sleeper (2 + 1)
20:00
10h 35m
Boarding/Dropping Points
06:35
₹ 1,250
Sold Out
Select Seat
Cancellation Policy]]>
    </line>
    <line>
      <![CDATA[BSR TOURS And TRAVELS
AC Seater-Sleeper (2 + 1)
20:00
10h
Boarding/Dropping Points
06:00
₹ 1,380
26 Seats Left
Select Seat
Cancellation Policy]]>
    </line>
    <line>
      <![CDATA[Orange Tours and Travels Grand
AC Sleeper (2 + 1)
20:00
9h 20m
Boarding/Dropping Points
05:20
₹ 1,550
16 Seats Left
Select Seat
Cancellation Policy]]>
    </line>
    <line>
      <![CDATA[Orange Tours and Travels Platinum
VOLVO AC Multi Axle Sleeper (2 + 1)
20:00
9h 30m
Boarding/Dropping Points
05:30
₹ 1,760
20 Seats Left
Select Seat
Cancellation Policy]]>
    </line>
    <line>
      <![CDATA[V Kaveri Travels
VOLVO AC Multi Axle Sleeper (2 + 1)
20:00
9h 30m
Boarding/Dropping Points
05:30
₹ 1,760
Sold Out
Select Seat
Cancellation Policy]]>
    </line>
    <line>
      <![CDATA[BSR TOURS And TRAVELS
VOLVO AC Multi Axle Sleeper (2 + 1)
20:00
10h
Boarding/Dropping Points
06:00
₹ 2,490
24 Seats Left
Select Seat
Cancellation Policy]]>
    </line>
    <line>
      <![CDATA[GEE PEE TRAVELS
Non AC Seater (2+2)
20:05
13h 10m
Boarding/Dropping Points
09:15
₹ 1,260
40 Seats Left
Select Seat
Cancellation Policy]]>
    </line>
    <line>
      <![CDATA[GEE PEE TRAVELS
NON A-C Sleeper (2+1)
20:05
12h 25m
Boarding/Dropping Points
08:30
₹ 1,470
30 Seats Left
Select Seat
Cancellation Policy]]>
    </line>
    <line>
      <![CDATA[SL Travels
NON A-C Sleeper (2+1)
20:10
10h 20m
Boarding/Dropping Points
06:30
₹ 1,140
30 Seats Left
Select Seat
Cancellation Policy]]>
    </line>
    <line>
      <![CDATA[Jabbar Travels
A-C, Semi Sleeper, Scania, Multi Axle
20:15
8h 45m
Boarding/Dropping Points
05:00
₹ 950
51 Seats Left
Select Seat
Cancellation Policy]]>
    </line>
    <line>
      <![CDATA[Jabbar Travels
SCANIA AC Multi Axle Semi Sleeper (2 + 2)
20:15
8h 45m
Boarding/Dropping Points
05:00
₹ 950
43 Seats Left
Select Seat
Cancellation Policy]]>
    </line>
    <line>
      <![CDATA[Saleem Travels (Hyderabad)
Non A-C, Seater Semi Sleeper, Deluxe
20:20
9h 40m
Boarding/Dropping Points
06:00
₹ 1,200
20 Seats Left
Select Seat
Cancellation Policy]]>
    </line>
    <line>
      <![CDATA[Sri Krishna Travels
NON-AC Seater-Sleeper (2 + 1)
20:30
9h 30m
Boarding/Dropping Points
06:00
₹ 850
26 Seats Left
Select Seat
Cancellation Policy]]>
    </line>
    <line>
      <![CDATA[Sri Krishna Travels
AC Sleeper (2 + 1)
20:30
10h
Boarding/Dropping Points
06:30
₹ 1,550
24 Seats Left
Select Seat
Cancellation Policy]]>
    </line>
    <line>
      <![CDATA[Swamy Ayyappa Travels
VOLVO AC Multi Axle Sleeper (2 + 1)
20:30
8h 15m
Boarding/Dropping Points
04:45
₹ 1,600
37 Seats Left
Select Seat
Cancellation Policy]]>
    </line>
    <line>
      <![CDATA[Happy Bus Services
NON A-C Seater - Sleeper (2+1)
20:30
11h 5m
Boarding/Dropping Points
07:35
₹ 1,780
36 Seats Left
Select Seat
Cancellation Policy]]>
    </line>
    <line>
      <![CDATA[AVM Travels
NON-AC Seater-Sleeper (2 + 1)
20:35
11h 10m
Boarding/Dropping Points
07:45
₹ 2,000
41 Seats Left
Select Seat
Cancellation Policy]]>
    </line>
    <line>
      <![CDATA[BSR Tours And Travels
A-C Seater - Sleeper (2+1)
20:40
10h 30m
Boarding/Dropping Points
07:10
₹ 1,450
26 Seats Left
Select Seat
Cancellation Policy]]>
    </line>
    <line>
      <![CDATA[Orange Tours And Travels
Scania AC Multi Axle Sleeper (2+1)
20:40
10h 5m
Boarding/Dropping Points
06:45
₹ 1,850
39 Seats Left
Select Seat
Cancellation Policy]]>
    </line>
    <line>
      <![CDATA[BSR Tours And Travels
Volvo Multi-Axle A-C Sleeper (2+1)
20:40
10h 30m
Boarding/Dropping Points
07:10
₹ 2,610
24 Seats Left
Select Seat
Cancellation Policy]]>
    </line>
    <line>
      <![CDATA[Sri Megha Travels
Non AC Seater (2+1)
20:44
10h 36m
Boarding/Dropping Points
07:20
₹ 1,050
28 Seats Left
Select Seat
Cancellation Policy]]>
    </line>
    <line>
      <![CDATA[KGN INDIA
NON A-C Sleeper (2+1)
20:45
9h 20m
Boarding/Dropping Points
06:05
₹ 945
24 Seats Left
Select Seat
Cancellation Policy]]>
    </line>
    <line>
      <![CDATA[HAPPY BUS SERVICES
NON-AC Seater-Sleeper (2 + 1)
20:45
11h 15m
Boarding/Dropping Points
08:00
₹ 1,700
36 Seats Left
Select Seat
Cancellation Policy]]>
    </line>
    <line>
      <![CDATA[IntrCity SmartBus
AC Sleeper (2 + 1)
20:45
10h 10m
Boarding/Dropping Points
06:55
₹ 1,710
30 Seats Left
Select Seat
Cancellation Policy]]>
    </line>
    <line>
      <![CDATA[SREEONE
AC Sleeper (2 + 1)
20:45
9h 45m
Boarding/Dropping Points
06:30
₹ 2,900
Sold Out
Select Seat
Cancellation Policy]]>
    </line>
    <line>
      <![CDATA[Orange Tours And Travels
NON A-C Seater - Sleeper (2+1)
20:50
11h 15m
Boarding/Dropping Points
08:05
₹ 893
40 Seats Left
Select Seat
Cancellation Policy]]>
    </line>
    <line>
      <![CDATA[Orange Tours and Travels Premium
Volvo Multi-Axle A-C Semi Sleeper (2+2)
20:50
10h 40m
Boarding/Dropping Points
07:30
₹ 1,100
37 Seats Left
Select Seat
Cancellation Policy]]>
    </line>
    <line>
      <![CDATA[Orange Tours and Travels Business Class
A-C Semi Sleeper (2+1)
20:50
10h 40m
Boarding/Dropping Points
07:30
₹ 1,160
9 Seats Left
Select Seat
Cancellation Policy]]>
    </line>
    <line>
      <![CDATA[AVM Travels
AC Sleeper (2 + 1)
20:50
11h 10m
Boarding/Dropping Points
08:00
₹ 1,500
24 Seats Left
Select Seat
Cancellation Policy]]>
    </line>
    <line>
      <![CDATA[AVM Travels
NON-AC Seater-Sleeper (2 + 1)
20:50
11h 10m
Boarding/Dropping Points
08:00
₹ 2,000
41 Seats Left
Select Seat
Cancellation Policy]]>
    </line>
    <line>
      <![CDATA[Sri Vinayaka Travels
NON A-C Seater - Sleeper (2+1)
21:00
10h 25m
Boarding/Dropping Points
07:25
₹ 945
41 Seats Left
Select Seat
Cancellation Policy]]>
    </line>
    <line>
      <![CDATA[Orange Tours and Travels Premium
VOLVO AC Multi Axle Semi Sleeper (2 + 1)
21:00
9h 30m
Boarding/Dropping Points
06:30
₹ 1,100
20 Seats Left
Select Seat
Cancellation Policy]]>
    </line>
    <line>
      <![CDATA[VRL Travels
AC Sleeper
21:00
9h 45m
Boarding/Dropping Points
06:45
₹ 1,200
29 Seats Left
Select Seat
Cancellation Policy]]>
    </line>
    <line>
      <![CDATA[Orange Tours and Travels Business Class
VOLVO AC Multi Axle Semi Sleeper
21:00
9h 30m
Boarding/Dropping Points
06:30
₹ 1,200
11 Seats Left
Select Seat
Cancellation Policy]]>
    </line>
    <line>
      <![CDATA[KKaveri Travels
NON-AC Sleeper (2 + 1)
21:00
9h 30m
Boarding/Dropping Points
06:30
₹ 1,320
Sold Out
Select Seat
Cancellation Policy]]>
    </line>
    <line>
      <![CDATA[Dheeraj Tours and Travels
AC Sleeper (2 + 1)
21:00
9h
Boarding/Dropping Points
06:00
₹ 1,550
34 Seats Left
Select Seat
Cancellation Policy]]>
    </line>
    <line>
      <![CDATA[Orange Tours and Travels
SCANIA AC Multi Axle Sleeper (2 + 1)
21:00
9h 30m
Boarding/Dropping Points
06:30
₹ 1,550
19 Seats Left
Select Seat
Cancellation Policy]]>
    </line>
    <line>
      <![CDATA[Orange Tours and Travels
NON-AC Seater-Sleeper (2 + 1)
21:05
11h
Boarding/Dropping Points
08:05
₹ 900
11 Seats Left
Select Seat
Cancellation Policy]]>
    </line>
    <line>
      <![CDATA[Greenline Travels
AC Sleeper (2 + 1)
21:10
8h 50m
Boarding/Dropping Points
06:00
₹ 1,550
Sold Out
Select Seat
Cancellation Policy]]>
    </line>
    <line>
      <![CDATA[Talakaveri Bus
A-C Sleeper (2+1)
21:10
9h 50m
Boarding/Dropping Points
07:00
₹ 1,630
27 Seats Left
Select Seat
Cancellation Policy]]>
    </line>
    <line>
      <![CDATA[S L Travels
AC Sleeper (2 + 1)
21:15
9h 45m
Boarding/Dropping Points
07:00
₹ 1,250
32 Seats Left
Select Seat
Cancellation Policy]]>
    </line>
    <line>
      <![CDATA[Mahi Trans Solutions
NON-AC Seater-Sleeper (2 + 1)
21:15
10h 30m
Boarding/Dropping Points
07:45
₹ 1,300
32 Seats Left
Select Seat
Cancellation Policy]]>
    </line>
    <line>
      <![CDATA[DLT Bus
AC Sleeper (2 + 1)
21:15
9h 15m
Boarding/Dropping Points
06:30
₹ 1,400
25 Seats Left
Select Seat
Cancellation Policy]]>
    </line>
    <line>
      <![CDATA[Sunshine Travels
Volvo Multi-Axle A-C Sleeper (2+1)
21:15
9h
Boarding/Dropping Points
06:15
₹ 2,630
25 Seats Left
Select Seat
Cancellation Policy]]>
    </line>
    <line>
      <![CDATA[Morning Star Travels
AC Sleeper (2 + 1)
21:20
8h 40m
Boarding/Dropping Points
06:00
₹ 1,550
30 Seats Left
Select Seat
Cancellation Policy]]>
    </line>
    <line>
      <![CDATA[V Kaveri Travels
NON-AC Seater-Sleeper (2 + 1)
21:30
9h
Boarding/Dropping Points
06:30
₹ 850
25 Seats Left
Select Seat
Cancellation Policy]]>
    </line>
    <line>
      <![CDATA[V Kaveri Travels
NON A-C Seater - Sleeper (2+1)
21:30
10h
Boarding/Dropping Points
07:30
₹ 893
25 Seats Left
Select Seat
Cancellation Policy]]>
    </line>
    <line>
      <![CDATA[KKaveri Travels
NON A-C Seater - Sleeper (2+1)
21:30
10h 20m
Boarding/Dropping Points
07:50
₹ 893
36 Seats Left
Select Seat
Cancellation Policy]]>
    </line>
    <line>
      <![CDATA[Sri Megha Travels
NON-AC Seater-Sleeper (2 + 1)
21:30
9h
Boarding/Dropping Points
06:30
₹ 1,000
28 Seats Left
Select Seat
Cancellation Policy]]>
    </line>
    <line>
      <![CDATA[KKaveri Travels
NON A-C Seater - Sleeper (2+1)
21:30
9h 45m
Boarding/Dropping Points
07:15
₹ 1,050
24 Seats Left
Select Seat
Cancellation Policy]]>
    </line>
    <line>
      <![CDATA[KKaveri Travels
NON A-C Sleeper (2+1)
21:30
10h 20m
Boarding/Dropping Points
07:50
₹ 1,390
36 Seats Left
Select Seat
Cancellation Policy]]>
    </line>
    <line>
      <![CDATA[V Kaveri Travels
VOLVO AC Multi Axle Sleeper (2 + 1)
21:30
8h 30m
Boarding/Dropping Points
06:00
₹ 1,760
33 Seats Left
Select Seat
Cancellation Policy]]>
    </line>
    <line>
      <![CDATA[Sri Krishna Travels
VOLVO AC Multi Axle Sleeper (2 + 1)
21:30
10h
Boarding/Dropping Points
07:30
₹ 1,760
29 Seats Left
Select Seat
Cancellation Policy]]>
    </line>
    <line>
      <![CDATA[V Kaveri Travels
Volvo Multi-Axle A-C Sleeper (2+1)
21:30
9h 50m
Boarding/Dropping Points
07:20
₹ 1,850
33 Seats Left
Select Seat
Cancellation Policy]]>
    </line>
    <line>
      <![CDATA[Sri Krishna Travels
Volvo Multi-Axle A-C Sleeper (2+1)
21:30
10h 30m
Boarding/Dropping Points
08:00
₹ 1,850
29 Seats Left
Select Seat
Cancellation Policy]]>
    </line>
    <line>
      <![CDATA[IntrCity SmartBus
AC Sleeper (2 + 1)
21:30
10h
Boarding/Dropping Points
07:30
₹ 1,950
30 Seats Left
Select Seat
Cancellation Policy]]>
    </line>
    <line>
      <![CDATA[KKaveri Travels
Volvo Multi-Axle A-C Sleeper (2+1)
21:30
10h 45m
Boarding/Dropping Points
08:15
₹ 1,980
27 Seats Left
Select Seat
Cancellation Policy]]>
    </line>
    <line>
      <![CDATA[Talakaveri Bus
Volvo Multi-Axle A-C Sleeper (2+1)
21:30
10h 35m
Boarding/Dropping Points
08:05
₹ 2,090
26 Seats Left
Select Seat
Cancellation Policy]]>
    </line>
    <line>
      <![CDATA[Bharathi Travels
NON-AC Seater-Sleeper (2 + 1)
21:35
10h 45m
Boarding/Dropping Points
08:20
₹ 1,500
Sold Out
Select Seat
Cancellation Policy]]>
    </line>
    <line>
      <![CDATA[IntrCity SmartBus
AC Sleeper (2+1)
21:35
10h 50m
Boarding/Dropping Points
08:25
₹ 2,050
30 Seats Left
Select Seat
Cancellation Policy]]>
    </line>
    <line>
      <![CDATA[Jabbar Travels
NON A-C Sleeper (2+1)
21:40
10h 15m
Boarding/Dropping Points
07:55
₹ 1,040
21 Seats Left
Select Seat
Cancellation Policy]]>
    </line>
    <line>
      <![CDATA[IntrCity SmartBus
AC Sleeper (2 + 1)
21:40
10h 40m
Boarding/Dropping Points
08:20
₹ 1,950
30 Seats Left
Select Seat
Cancellation Policy]]>
    </line>
    <line>
      <![CDATA[VRL Travels
NON-AC Seater-Sleeper (2 + 1)
21:45
8h 45m
Boarding/Dropping Points
06:30
₹ 800
41 Seats Left
Select Seat
Cancellation Policy]]>
    </line>
    <line>
      <![CDATA[SRS Travels and Logistics Private Limited
SCANIA AC Semi Sleeper (2 + 2)
21:45
8h 30m
Boarding/Dropping Points
06:15
₹ 850
1 Seats Left
Select Seat
Cancellation Policy]]>
    </line>
    <line>
      <![CDATA[SRS Travels
Scania Multi-Axle AC Semi Sleeper (2+2)
21:45
8h 10m
Boarding/Dropping Points
05:55
₹ 893
1 Seats Left
Select Seat
Cancellation Policy]]>
    </line>
    <line>
      <![CDATA[Jabbar Travels
NON-AC Sleeper (2 + 1)
21:45
10h
Boarding/Dropping Points
07:45
₹ 990
21 Seats Left
Select Seat
Cancellation Policy]]>
    </line>
    <line>
      <![CDATA[Jabbar Travels
Non A-C, Sleeper
21:45
10h
Boarding/Dropping Points
07:45
₹ 1,050
21 Seats Left
Select Seat
Cancellation Policy]]>
    </line>
    <line>
      <![CDATA[Jabbar Travels
NON-AC Seater-Sleeper (2 + 1)
21:45
9h 50m
Boarding/Dropping Points
07:35
₹ 1,200
Sold Out
Select Seat
Cancellation Policy]]>
    </line>
    <line>
      <![CDATA[Aditya Logistics
A-C Sleeper (2+1)
21:45
10h 40m
Boarding/Dropping Points
08:25
₹ 1,310
21 Seats Left
Select Seat
Cancellation Policy]]>
    </line>
    <line>
      <![CDATA[Morning Star Travels
AC Sleeper (2 + 1)
21:45
8h 45m
Boarding/Dropping Points
06:30
₹ 1,550
30 Seats Left
Select Seat
Cancellation Policy]]>
    </line>
    <line>
      <![CDATA[Sunshine Travels
A-C Sleeper (2+1)
21:55
11h
Boarding/Dropping Points
08:55
₹ 1,630
23 Seats Left
Select Seat
Cancellation Policy]]>
    </line>
    <line>
      <![CDATA[AVM Tours And Travels
NON A-C Seater - Sleeper (2+1)
21:55
9h 50m
Boarding/Dropping Points
07:45
₹ 2,100
46 Seats Left
Select Seat
Cancellation Policy]]>
    </line>
    <line>
      <![CDATA[Aditya Bus
AC Sleeper (2 + 1)
22:00
9h
Boarding/Dropping Points
07:00
₹ 1,250
21 Seats Left
Select Seat
Cancellation Policy]]>
    </line>
    <line>
      <![CDATA[Morning Star Travels
NON-AC Sleeper (2 + 1)
22:00
8h 30m
Boarding/Dropping Points
06:30
₹ 1,320
30 Seats Left
Select Seat
Cancellation Policy]]>
    </line>
    <line>
      <![CDATA[SKumar Travels
AC Sleeper (2 + 1)
22:00
9h
Boarding/Dropping Points
07:00
₹ 1,400
13 Seats Left
Select Seat
Cancellation Policy]]>
    </line>
    <line>
      <![CDATA[K Kaveri Travels
2+1 AC Sleeper
22:00
9h
Boarding/Dropping Points
07:00
₹ 1,550
34 Seats Left
Select Seat
Cancellation Policy]]>
    </line>
    <line>
      <![CDATA[Rajesh Transports
AC Sleeper (2 + 1)
22:00
8h 30m
Boarding/Dropping Points
06:30
₹ 1,600
20 Seats Left
Select Seat
Cancellation Policy]]>
    </line>
    <line>
      <![CDATA[Sunshine Travels
Scania Multi-Axle AC Semi Sleeper (2+2)
22:00
10h 10m
Boarding/Dropping Points
08:10
₹ 1,680
39 Seats Left
Select Seat
Cancellation Policy]]>
    </line>
    <line>
      <![CDATA[Sunshine Travels
Volvo Multi-Axle A-C Sleeper (2+1)
22:00
9h 10m
Boarding/Dropping Points
07:10
₹ 1,680
30 Seats Left
Select Seat
Cancellation Policy]]>
    </line>
    <line>
      <![CDATA[Orange Tours and Travels Platinum
VOLVO AC Multi Axle Sleeper (2 + 1)
22:00
9h 10m
Boarding/Dropping Points
07:10
₹ 1,850
12 Seats Left
Select Seat
Cancellation Policy]]>
    </line>
    <line>
      <![CDATA[G P M TRAVELS
A-C, Sleeper, Deluxe
22:00
7h 57m
Boarding/Dropping Points
05:57
₹ 1,880
22 Seats Left
Select Seat
Cancellation Policy]]>
    </line>
    <line>
      <![CDATA[New Kaleswari Travels
NON-AC Pushback Seater (2 + 1)
22:00
10h
Boarding/Dropping Points
08:00
₹ 1,950
12 Seats Left
Select Seat
Cancellation Policy]]>
    </line>
    <line>
      <![CDATA[New Kaleswari Travels
NON-AC Seater-Sleeper (2 + 1)
22:00
10h
Boarding/Dropping Points
08:00
₹ 1,950
19 Seats Left
Select Seat
Cancellation Policy]]>
    </line>
    <line>
      <![CDATA[KBN Travels
A-C, Sleeper, Premium B9r Multi Axle, Multi Axle
22:00
9h 30m
Boarding/Dropping Points
07:30
₹ 2,000
42 Seats Left
Select Seat
Cancellation Policy]]>
    </line>
    <line>
      <![CDATA[Sri Krishna Travels
A-C Sleeper (2+1)
22:00
10h 25m
Boarding/Dropping Points
08:25
₹ 3,150
37 Seats Left
Select Seat
Cancellation Policy]]>
    </line>
    <line>
      <![CDATA[Vikram Travels
AC Sleeper (2 + 1)
22:00
8h 20m
Boarding/Dropping Points
06:20
₹ 3,500
34 Seats Left
Select Seat
Cancellation Policy]]>
    </line>
    <line>
      <![CDATA[Orange Tours and Travels
AC Seater-Sleeper (2 + 1)
22:05
9h 25m
Boarding/Dropping Points
07:30
₹ 1,050
16 Seats Left
Select Seat
Cancellation Policy]]>
    </line>
    <line>
      <![CDATA[EXEL RIDES
AC Sleeper (2 + 1)
22:05
9h
Boarding/Dropping Points
07:05
₹ 1,500
28 Seats Left
Select Seat
Cancellation Policy]]>
    </line>
    <line>
      <![CDATA[ISRTC BUS
AC Sleeper (2+1)
22:05
7h 55m
Boarding/Dropping Points
06:00
₹ 2,090
12 Seats Left
Select Seat
Cancellation Policy]]>
    </line>
    <line>
      <![CDATA[SL Travels
A-C Sleeper (2+1)
22:10
9h 25m
Boarding/Dropping Points
07:35
₹ 1,310
32 Seats Left
Select Seat
Cancellation Policy]]>
    </line>
    <line>
      <![CDATA[S L TRAVELS
A-C Sleeper (2+1)
22:10
9h 35m
Boarding/Dropping Points
07:45
₹ 1,370
20 Seats Left
Select Seat
Cancellation Policy]]>
    </line>
    <line>
      <![CDATA[IntrCity SmartBus
AC Sleeper (2+1)
22:10
10h 55m
Boarding/Dropping Points
09:05
₹ 2,050
30 Seats Left
Select Seat
Cancellation Policy]]>
    </line>
    <line>
      <![CDATA[AVM Tours And Travels
NON A-C Seater - Sleeper (2+1)
22:10
9h 50m
Boarding/Dropping Points
08:00
₹ 2,100
46 Seats Left
Select Seat
Cancellation Policy]]>
    </line>
    <line>
      <![CDATA[EXEL RIDES
A-C Sleeper (2+1)
22:15
9h 15m
Boarding/Dropping Points
07:30
₹ 1,150
28 Seats Left
Select Seat
Cancellation Policy]]>
    </line>
    <line>
      <![CDATA[VRL Travels
A-C Sleeper (2+1)
22:15
9h
Boarding/Dropping Points
07:15
₹ 1,260
29 Seats Left
Select Seat
Cancellation Policy]]>
    </line>
    <line>
      <![CDATA[Bharathi Travels
VOLVO AC Multi Axle Sleeper (2 + 1)
22:15
9h 5m
Boarding/Dropping Points
07:20
₹ 1,600
Sold Out
Select Seat
Cancellation Policy]]>
    </line>
    <line>
      <![CDATA[Morning Star Travels
A-C Sleeper (2+1)
22:15
8h
Boarding/Dropping Points
06:15
₹ 1,630
30 Seats Left
Select Seat
Cancellation Policy]]>
    </line>
    <line>
      <![CDATA[Vikram Travels
A-C Sleeper (2+1)
22:15
9h
Boarding/Dropping Points
07:15
₹ 3,680
34 Seats Left
Select Seat
Cancellation Policy]]>
    </line>
    <line>
      <![CDATA[Orange Tours And Travels
Bharat Benz A-C Seater -Sleeper (2+1)
22:20
10h 10m
Boarding/Dropping Points
08:30
₹ 998
42 Seats Left
Select Seat
Cancellation Policy]]>
    </line>
    <line>
      <![CDATA[DLT BUS
A-C Sleeper (2+1)
22:20
7h 40m
Boarding/Dropping Points
06:00
₹ 1,470
25 Seats Left
Select Seat
Cancellation Policy]]>
    </line>
    <line>
      <![CDATA[DLT BUS
A-C Sleeper (2+1)
22:20
7h 45m
Boarding/Dropping Points
06:05
₹ 1,470
12 Seats Left
Select Seat
Cancellation Policy]]>
    </line>
    <line>
      <![CDATA[G P M TRAVELS
Non A-C, Seater, Deluxe
22:20
9h 15m
Boarding/Dropping Points
07:35
₹ 1,530
25 Seats Left
Select Seat
Cancellation Policy]]>
    </line>
    <line>
      <![CDATA[Orange Tours and Travels
AC Sleeper (2 + 1)
22:20
9h 10m
Boarding/Dropping Points
07:30
₹ 1,550
15 Seats Left
Select Seat
Cancellation Policy]]>
    </line>
    <line>
      <![CDATA[Orange Tours and Travels Grand
AC Sleeper (2 + 1)
22:20
9h 10m
Boarding/Dropping Points
07:30
₹ 1,550
11 Seats Left
Select Seat
Cancellation Policy]]>
    </line>
    <line>
      <![CDATA[Orange Tours and Travels Grand
A-C Sleeper (2+1)
22:20
10h
Boarding/Dropping Points
08:20
₹ 1,630
34 Seats Left
Select Seat
Cancellation Policy]]>
    </line>
    <line>
      <![CDATA[Orange Tours And Travels
A-C Sleeper (2+1)
22:20
10h 40m
Boarding/Dropping Points
09:00
₹ 1,630
36 Seats Left
Select Seat
Cancellation Policy]]>
    </line>
    <line>
      <![CDATA[Orange Tours and Travels Platinum
Volvo Multi-Axle Sleeper A-C (2+1)
22:20
8h 55m
Boarding/Dropping Points
07:15
₹ 1,850
39 Seats Left
Select Seat
Cancellation Policy]]>
    </line>
    <line>
      <![CDATA[Talakaveri Travels
VOLVO AC Multi Axle Sleeper (2 + 1)
22:20
9h 10m
Boarding/Dropping Points
07:30
₹ 1,990
26 Seats Left
Select Seat
Cancellation Policy]]>
    </line>
    <line>
      <![CDATA[SRS Travels and Logistics Private Limited
MERCEDES BENZ AC Multi Axle Semi Sleeper (2 +2)
22:30
8h 30m
Boarding/Dropping Points
07:00
₹ 850
48 Seats Left
Select Seat
Cancellation Policy]]>
    </line>
    <line>
      <![CDATA[SRS Travels
Mercedes Multi-Axle Semi Sleeper (2+2)
22:30
8h 10m
Boarding/Dropping Points
06:40
₹ 893
52 Seats Left
Select Seat
Cancellation Policy]]>
    </line>
    <line>
      <![CDATA[Dharani Tours and Travels
NON A-C Seater - Sleeper (2+1)
22:30
9h 15m
Boarding/Dropping Points
07:45
₹ 1,360
25 Seats Left
Select Seat
Cancellation Policy]]>
    </line>
    <line>
      <![CDATA[Mahi Trans Solutions
NON A-C Seater - Sleeper (2+1)
22:30
9h 32m
Boarding/Dropping Points
08:02
₹ 1,360
32 Seats Left
Select Seat
Cancellation Policy]]>
    </line>
    <line>
      <![CDATA[Mahi Trans Solutions
AC Seater-Sleeper (2 + 1)
22:30
9h
Boarding/Dropping Points
07:30
₹ 1,500
32 Seats Left
Select Seat
Cancellation Policy]]>
    </line>
    <line>
      <![CDATA[Mahi Trans Solutions
A-C Seater - Sleeper (2+1)
22:30
9h 50m
Boarding/Dropping Points
08:20
₹ 1,570
32 Seats Left
Select Seat
Cancellation Policy]]>
    </line>
    <line>
      <![CDATA[BMCC Travels Pvt Ltd
A-C Seater - Sleeper (2+1)
22:35
10h
Boarding/Dropping Points
08:35
₹ 998
29 Seats Left
Select Seat
Cancellation Policy]]>
    </line>
    <line>
      <![CDATA[Jabbar Travels
Scania AC Multi Axle Sleeper (2+1)
22:35
9h 35m
Boarding/Dropping Points
08:10
₹ 1,770
32 Seats Left
Select Seat
Cancellation Policy]]>
    </line>
    <line>
      <![CDATA[Orange Tours and Travels
Mercedes Benz AC Multi Axle Sleeper (2 + 1)
22:40
9h 5m
Boarding/Dropping Points
07:45
₹ 1,760
16 Seats Left
Select Seat
Cancellation Policy]]>
    </line>
    <line>
      <![CDATA[Orange Tours And Travels
Mercedes Benz Multi-Axle A-C Sleeper (2+1)
22:40
9h 5m
Boarding/Dropping Points
07:45
₹ 1,850
36 Seats Left
Select Seat
Cancellation Policy]]>
    </line>
    <line>
      <![CDATA[Hail Trip
A-C Sleeper (2+1)
22:40
10h 15m
Boarding/Dropping Points
08:55
₹ 1,940
23 Seats Left
Select Seat
Cancellation Policy]]>
    </line>
    <line>
      <![CDATA[Bharathi Travels
NON-AC Seater-Sleeper (2 + 1)
22:45
9h
Boarding/Dropping Points
07:45
₹ 1,350
Sold Out
Select Seat
Cancellation Policy]]>
    </line>
    <line>
      <![CDATA[G P M TRAVELS
Non A-C, Sleeper
22:45
9h 20m
Boarding/Dropping Points
08:05
₹ 1,370
20 Seats Left
Select Seat
Cancellation Policy]]>
    </line>
    <line>
      <![CDATA[Nida Tours and Travels
AC Sleeper (2 + 1)
22:45
8h
Boarding/Dropping Points
06:45
₹ 1,400
22 Seats Left
Select Seat
Cancellation Policy]]>
    </line>
    <line>
      <![CDATA[S Kumar Travels
Capella A-C Sleeper (2+1)
22:45
9h
Boarding/Dropping Points
07:45
₹ 1,470
20 Seats Left
Select Seat
Cancellation Policy]]>
    </line>
    <line>
      <![CDATA[KBN Travels
Non A-C, Seater Sleeper
22:45
8h 45m
Boarding/Dropping Points
07:30
₹ 1,500
46 Seats Left
Select Seat
Cancellation Policy]]>
    </line>
    <line>
      <![CDATA[KKaveri Travels
AC Sleeper (2 + 1)
22:45
8h 15m
Boarding/Dropping Points
07:00
₹ 1,550
28 Seats Left
Select Seat
Cancellation Policy]]>
    </line>
    <line>
      <![CDATA[Maahi Metro
A-C Seater - Sleeper (2+1)
22:45
10h 15m
Boarding/Dropping Points
09:00
₹ 1,580
40 Seats Left
Select Seat
Cancellation Policy]]>
    </line>
    <line>
      <![CDATA[SHIVA SAI TRAVELS
A-C Sleeper (2+1)
22:45
9h 10m
Boarding/Dropping Points
07:55
₹ 1,580
28 Seats Left
Select Seat
Cancellation Policy]]>
    </line>
    <line>
      <![CDATA[K Kaveri Travels
A-C Sleeper (2+1)
22:45
9h 5m
Boarding/Dropping Points
07:50
₹ 1,630
34 Seats Left
Select Seat
Cancellation Policy]]>
    </line>
    <line>
      <![CDATA[Orange Tours And Travels
Bharat Benz A-C Sleeper (2+1)
22:45
9h 35m
Boarding/Dropping Points
08:20
₹ 1,630
30 Seats Left
Select Seat
Cancellation Policy]]>
    </line>
    <line>
      <![CDATA[KBN Travels
A-C, Seater Sleeper, Deluxe
22:45
8h 45m
Boarding/Dropping Points
07:30
₹ 1,700
46 Seats Left
Select Seat
Cancellation Policy]]>
    </line>
    <line>
      <![CDATA[KBN Travels
A-C, Sleeper, Deluxe
22:45
8h 15m
Boarding/Dropping Points
07:00
₹ 2,000
30 Seats Left
Select Seat
Cancellation Policy]]>
    </line>
    <line>
      <![CDATA[KBN Travels
Non A-C, Seater
22:45
8h 45m
Boarding/Dropping Points
07:30
₹ 2,000
41 Seats Left
Select Seat
Cancellation Policy]]>
    </line>
    <line>
      <![CDATA[Morning Star Travels
NON A-C Sleeper (2+1)
22:50
7h 55m
Boarding/Dropping Points
06:45
₹ 1,390
30 Seats Left
Select Seat
Cancellation Policy]]>
    </line>
    <line>
      <![CDATA[Morning Star Travels
A-C Sleeper (2+1)
22:50
8h 40m
Boarding/Dropping Points
07:30
₹ 1,630
30 Seats Left
Select Seat
Cancellation Policy]]>
    </line>
    <line>
      <![CDATA[IntrCity SmartBus
VOLVO AC Multi Axle Sleeper (2 + 1)
22:55
10h 40m
Boarding/Dropping Points
09:35
₹ 2,200
42 Seats Left
Select Seat
Cancellation Policy]]>
    </line>
    <line>
      <![CDATA[IntrCity SmartBus
Volvo Multi Axle Sleeper B11R (2+1)
22:55
10h 40m
Boarding/Dropping Points
09:35
₹ 2,310
42 Seats Left
Select Seat
Cancellation Policy]]>
    </line>
    <line>
      <![CDATA[Orange Tours and Travels
AC Sleeper (2 + 1)
23:00
9h 30m
Boarding/Dropping Points
08:30
₹ 1,550
15 Seats Left
Select Seat
Cancellation Policy]]>
    </line>
    <line>
      <![CDATA[AVM Tours And Travels
A-C Sleeper (2+1)
23:00
10h
Boarding/Dropping Points
09:00
₹ 1,570
34 Seats Left
Select Seat
Cancellation Policy]]>
    </line>
    <line>
      <![CDATA[Dheeraj Tours And Travels
A-C Sleeper (2+1)
23:00
9h 30m
Boarding/Dropping Points
08:30
₹ 1,630
34 Seats Left
Select Seat
Cancellation Policy]]>
    </line>
    <line>
      <![CDATA[Nida Tours and Travels
Capella A-C Sleeper (2+1)
23:00
10h
Boarding/Dropping Points
09:00
₹ 1,680
32 Seats Left
Select Seat
Cancellation Policy]]>
    </line>
    <line>
      <![CDATA[Jabbar Travels
A-C, Sleeper, Scania, Multi Axle
23:00
9h
Boarding/Dropping Points
08:00
₹ 1,690
32 Seats Left
Select Seat
Cancellation Policy]]>
    </line>
    <line>
      <![CDATA[Jabbar Travels
SCANIA AC Multi Axle Sleeper (2 + 1)
23:00
9h
Boarding/Dropping Points
08:00
₹ 1,690
32 Seats Left
Select Seat
Cancellation Policy]]>
    </line>
    <line>
      <![CDATA[Maahi Metro
Volvo Multi-Axle B9R Sleeper (2+1)
23:00
9h 20m
Boarding/Dropping Points
08:20
₹ 1,890
37 Seats Left
Select Seat
Cancellation Policy]]>
    </line>
    <line>
      <![CDATA[Rajesh Transports
A-C Sleeper (2+1)
23:00
9h 15m
Boarding/Dropping Points
08:15
₹ 2,000
30 Seats Left
Select Seat
Cancellation Policy]]>
    </line>
    <line>
      <![CDATA[Sri Krishna Travels
AC Sleeper (2 + 1)
23:00
9h
Boarding/Dropping Points
08:00
₹ 3,000
37 Seats Left
Select Seat
Cancellation Policy]]>
    </line>
    <line>
      <![CDATA[KSM Roadlines
AC Sleeper (2 + 1)
23:15
8h 30m
Boarding/Dropping Points
07:45
₹ 2,000
4 Seats Left
Select Seat
Cancellation Policy]]>
    </line>
    <line>
      <![CDATA[KSM Road Lines
Benz A-C Sleeper (2+1)
23:15
9h 15m
Boarding/Dropping Points
08:30
₹ 2,100
6 Seats Left
Select Seat
Cancellation Policy]]>
    </line>
    <line>
      <![CDATA[KSM Roadlines
VOLVO AC Multi Axle Sleeper (2 + 1)
23:15
8h 30m
Boarding/Dropping Points
07:45
₹ 2,200
28 Seats Left
Select Seat
Cancellation Policy]]>
    </line>
    <line>
      <![CDATA[KSM Road Lines
Volvo Multi Axle Sleeper B11R (2+1)
23:15
8h 30m
Boarding/Dropping Points
07:45
₹ 2,310
42 Seats Left
Select Seat
Cancellation Policy]]>
    </line>
    <line>
      <![CDATA[KKaveri Travels
A-C Sleeper (2+1)
23:20
8h 55m
Boarding/Dropping Points
08:15
₹ 1,630
30 Seats Left
Select Seat
Cancellation Policy]]>
    </line>
    <line>
      <![CDATA[Intercity travels
Bharat Benz A-C Sleeper (2+1)
23:20
9h 40m
Boarding/Dropping Points
09:00
₹ 1,780
30 Seats Left
Select Seat
Cancellation Policy]]>
    </line>
    <line>
      <![CDATA[Orange Tours And Travels
Scania AC Multi Axle Sleeper (2+1)
23:20
9h 40m
Boarding/Dropping Points
09:00
₹ 1,850
39 Seats Left
Select Seat
Cancellation Policy]]>
    </line>
    <line>
      <![CDATA[Orange Tours and Travels
SCANIA AC Multi Axle Sleeper (2 + 1)
23:20
9h 55m
Boarding/Dropping Points
09:15
₹ 1,860
11 Seats Left
Select Seat
Cancellation Policy]]>
    </line>
    <line>
      <![CDATA[SRS Travels and Logistics Private Limited
SCANIA AC Semi Sleeper (2 + 2)
23:30
8h
Boarding/Dropping Points
07:30
₹ 900
47 Seats Left
Select Seat
Cancellation Policy]]>
    </line>
    <line>
      <![CDATA[SRS Travels
Scania Multi-Axle AC Semi Sleeper (2+2)
23:30
7h 50m
Boarding/Dropping Points
07:20
₹ 945
47 Seats Left
Select Seat
Cancellation Policy]]>
    </line>
    <line>
      <![CDATA[Orange Tours And Travels
Bharat Benz A-C Sleeper (2+1)
23:30
10h 20m
Boarding/Dropping Points
09:50
₹ 1,630
30 Seats Left
Select Seat
Cancellation Policy]]>
    </line>
    <line>
      <![CDATA[Maahi Metro Tours and Travels
VOLVO AC Multi Axle Sleeper (2 + 1)
23:30
8h
Boarding/Dropping Points
07:30
₹ 1,800
25 Seats Left
Select Seat
Cancellation Policy]]>
    </line>
    <line>
      <![CDATA[Morning Star Travels
A-C Sleeper (2+1)
23:35
7h 5m
Boarding/Dropping Points
06:40
₹ 1,630
30 Seats Left
Select Seat
Cancellation Policy]]>
    </line>
    <line>
      <![CDATA[==============================================]]>
    </line>
    <line>
      <![CDATA[User is landed on the desired page]]>
    </line>
    <line>
      <![CDATA[Filter Tab is Displayed in the page!.]]>
    </line>
    <line>
      <![CDATA[BusType Element is clicked]]>
    </line>
    <line>
      <![CDATA[AcSeater option is displayed]]>
    </line>
    <line>
      <![CDATA[AcSleeper checkbox is Enabled]]>
    </line>
    <line>
      <![CDATA[DepartTime is Selected]]>
    </line>
    <line>
      <![CDATA[ArrivalTime is Selected]]>
    </line>
    <line>
      <![CDATA[ApplyFilter button is enabled]]>
    </line>
    <line>
      <![CDATA[Available buses based on Filters : 13]]>
    </line>
    <line>
      <![CDATA[Orange Tours And Travels
Scania AC Multi Axle Sleeper (2+1)
14:55
9h 35m
Boarding/Dropping Points
00:30
₹ 1,850
31 Seats Left
Select Seat
Cancellation Policy]]>
    </line>
    <line>
      <![CDATA[Orange Tours and Travels Platinum
Volvo Multi-Axle Sleeper A-C (2+1)
14:55
9h 20m
Boarding/Dropping Points
00:15
₹ 1,850
39 Seats Left
Select Seat
Cancellation Policy]]>
    </line>
    <line>
      <![CDATA[Kallada Travels (Suresh Kallada)
A-C Sleeper (2+1)
15:15
10h
Boarding/Dropping Points
01:15
₹ 1,470
25 Seats Left
Select Seat
Cancellation Policy]]>
    </line>
    <line>
      <![CDATA[Swamy Ayyappa Travels
Capella A-C Sleeper (2+1)
15:20
9h 45m
Boarding/Dropping Points
01:05
₹ 1,630
31 Seats Left
Select Seat
Cancellation Policy]]>
    </line>
    <line>
      <![CDATA[Swamy Ayyappa Travels
Capella A-C Sleeper (2+1)
15:20
10h
Boarding/Dropping Points
01:20
₹ 1,630
36 Seats Left
Select Seat
Cancellation Policy]]>
    </line>
    <line>
      <![CDATA[Alhind Tours and Travels Pvt Ltd
Volvo Multi-Axle Sleeper A-C (2+1)
15:40
9h 35m
Boarding/Dropping Points
01:15
₹ 1,580
35 Seats Left
Select Seat
Cancellation Policy]]>
    </line>
    <line>
      <![CDATA[Orange Tours and Travels Platinum
Volvo Multi-Axle Sleeper A-C (2+1)
15:50
9h 55m
Boarding/Dropping Points
01:45
₹ 1,850
31 Seats Left
Select Seat
Cancellation Policy]]>
    </line>
    <line>
      <![CDATA[Swamy Ayyappa Travels
AC Sleeper (2 + 1)
16:00
9h 15m
Boarding/Dropping Points
01:15
₹ 1,550
36 Seats Left
Select Seat
Cancellation Policy]]>
    </line>
    <line>
      <![CDATA[Kallada Travels (Suresh Kallada)
A-C Sleeper (2+1)
16:15
9h 45m
Boarding/Dropping Points
02:00
₹ 1,470
25 Seats Left
Select Seat
Cancellation Policy]]>
    </line>
    <line>
      <![CDATA[Swamy Ayyappa Travels
Volvo Multi-Axle Sleeper A-C (2+1)
16:20
10h 5m
Boarding/Dropping Points
02:25
₹ 1,680
35 Seats Left
Select Seat
Cancellation Policy]]>
    </line>
    <line>
      <![CDATA[Orange Tours and Travels Platinum
VOLVO AC Multi Axle Sleeper (2 + 1)
16:30
9h 45m
Boarding/Dropping Points
02:15
₹ 1,550
16 Seats Left
Select Seat
Cancellation Policy]]>
    </line>
    <line>
      <![CDATA[Swamy Ayyappa Travels
AC Sleeper (2 + 1)
17:00
8h
Boarding/Dropping Points
01:00
₹ 1,550
31 Seats Left
Select Seat
Cancellation Policy]]>
    </line>
    <line>
      <![CDATA[Swamy Ayyappa Travels
VOLVO AC Multi Axle Sleeper (2 + 1)
17:15
9h 30m
Boarding/Dropping Points
02:45
₹ 1,600
35 Seats Left
Select Seat
Cancellation Policy]]>
    </line>
    <line>
      <![CDATA[BeforeFilter : 203]]>
    </line>
    <line>
      <![CDATA[AfterFilter :13]]>
    </line>
    <line>
      <![CDATA[TestCase is Passed!]]>
    </line>
    <line>
      <![CDATA[User is landed on SeatSelection page]]>
    </line>
    <line>
      <![CDATA[SelecctSeat button is enable]]>
    </line>
    <line>
      <![CDATA[Total Available Seats are : 31]]>
    </line>
    <line>
      <![CDATA[==================================]]>
    </line>
    <line>
      <![CDATA[Select Boarding Points
 Suchitra
Orange Travels,Opposite to Swagath Grand Hotel , Beside Metro Super market - 01:30 PM
Dundigal
Dundigal Orange Tours and Travels garage,near ORR - 01:35 PM
Kukatpally
Near Airtel Store, Piller no , 818 Opp Bjp Office, Kukatpally - 02:00 PM
Paradise
Paradise,Near Fire station - 02:00 PM
Kukatpally
Near Ramdevrao Hospital - 02:05 PM
Nizampet
Near Indian Oil Petrol Bunk - 02:10 PM
Miyapur
Near Ks Bakers Beside Samsung Plaza - 02:20 PM
Miyapur
Near Orange Travels ,Bata Showroom - 02:25 PM
SR Nagar
Near Orange Travels Office , Metro Piller No 1017,Opp Sr nagar Bus stop - 02:30 PM
Chanda Nagar
City Bus Stop - 02:35 PM
Ameerpet
Near Big Bazar - 02:40 PM
Bhel
Opp Jyothi Theatre - 02:40 PM
Panjagutta
Near Red Rose Hotel Beside Indian Oil Petrol Pump - 02:45 PM
Ramachandra Puram
Opp Svc Sangeetha Theatre - 02:50 PM
Lakdikapul
Near Bank Of Baroda - 02:55 PM
Patancheru
Pantancheru after bus stand - 03:00 PM
Mehdipatnam
Near Orange Travels Office,Pillar No 53 54 Toward Attapur Road - 03:15 PM
Rajendranagar
Rajendra Nagar - Pillar No: 222 /223, towards Aramghar road - 03:30 PM
Shivarampalli
Aramghar , Near Parivar dhaba - 03:45 PM
Shamshabad
Near Pulla Reddy Sweet House - 04:00 PM
Jadcherla
Jadcherla, flyover ending ,Near ASR Gardens - 05:00 PM]]>
    </line>
    <line>
      <![CDATA[==================================]]>
    </line>
  </reporter-output>
  <suite started-at="2022-07-08T10:30:45 IST" name="Test Automation Suite" finished-at="2022-07-08T10:32:47 IST" duration-ms="122257">
    <groups>
    </groups>
    <test started-at="2022-07-08T10:30:45 IST" name="Functional Testing - Edge - Yatra" finished-at="2022-07-08T10:32:47 IST" duration-ms="122257">
      <class name="org.qa.testscripts.TC_SeatSelection_003">
        <test-method is-config="true" signature="setup(java.lang.String,java.lang.String)[pri:0, instance:org.qa.testscripts.TC_SeatSelection_003@6392827e]" started-at="2022-07-08T10:30:46 IST" name="setup" finished-at="2022-07-08T10:31:07 IST" duration-ms="21304" status="PASS">
          <params>
            <param index="0">
              <value>
                <![CDATA[Chrome]]>
              </value>
            </param>
            <param index="1">
              <value>
                <![CDATA[https://www.yatra.com/]]>
              </value>
            </param>
          </params>
          <reporter-output>
          </reporter-output>
        </test-method> <!-- setup -->
        <test-method signature="SearchBuses(java.lang.String,java.lang.String)[pri:1, instance:org.qa.testscripts.TC_SeatSelection_003@6392827e]" started-at="2022-07-08T10:31:12 IST" name="SearchBuses" data-provider="getData" finished-at="2022-07-08T10:32:05 IST" duration-ms="53498" status="PASS">
          <params>
            <param index="0">
              <value>
                <![CDATA[Hyderabad]]>
              </value>
            </param>
            <param index="1">
              <value>
                <![CDATA[Bangalore]]>
              </value>
            </param>
          </params>
          <reporter-output>
            <line>
              <![CDATA[The user is landed on Yatra home page]]>
            </line>
            <line>
              <![CDATA[Buses Module is present in the current webpage!]]>
            </line>
            <line>
              <![CDATA[DepartFrom text field  is present in the current webpage!]]>
            </line>
            <line>
              <![CDATA[Hyderabad location is selected]]>
            </line>
            <line>
              <![CDATA[GoingTo text field  is present in the current webpage!]]>
            </line>
            <line>
              <![CDATA[Bangalore location is selected]]>
            </line>
            <line>
              <![CDATA[Bangalore]]>
            </line>
            <line>
              <![CDATA[Calender is Enabled]]>
            </line>
            <line>
              <![CDATA[Date in calender is selected]]>
            </line>
            <line>
              <![CDATA[SearchButton is displayed]]>
            </line>
            <line>
              <![CDATA[TestCase Is Passed]]>
            </line>
            <line>
              <![CDATA[==============================================]]>
            </line>
            <line>
              <![CDATA[Available Buses based on search Field : 203]]>
            </line>
            <line>
              <![CDATA[Morning Star Travels
AC Sleeper (2 + 1)
11:10
10h 50m
Boarding/Dropping Points
22:00
₹ 1,550
30 Seats Left
Select Seat
Cancellation Policy]]>
            </line>
            <line>
              <![CDATA[Morning Star Travels
A-C Sleeper (2+1)
11:41
9h 54m
Boarding/Dropping Points
21:35
₹ 1,630
30 Seats Left
Select Seat
Cancellation Policy]]>
            </line>
            <line>
              <![CDATA[Alhind Tours and Travels Pvt Ltd
Scania Multi-Axle AC Semi Sleeper (2+2)
12:50
9h 45m
Boarding/Dropping Points
22:35
₹ 1,050
34 Seats Left
Select Seat
Cancellation Policy]]>
            </line>
            <line>
              <![CDATA[Alhind Tours and Travels Pvt Ltd
Volvo Multi-Axle Sleeper A-C (2+1)
13:35
9h 55m
Boarding/Dropping Points
23:30
₹ 1,580
41 Seats Left
Select Seat
Cancellation Policy]]>
            </line>
            <line>
              <![CDATA[Orange Tours And Travels
Scania AC Multi Axle Sleeper (2+1)
14:55
9h 35m
Boarding/Dropping Points
00:30
₹ 1,850
31 Seats Left
Select Seat
Cancellation Policy]]>
            </line>
            <line>
              <![CDATA[Orange Tours and Travels Platinum
Volvo Multi-Axle Sleeper A-C (2+1)
14:55
9h 20m
Boarding/Dropping Points
00:15
₹ 1,850
39 Seats Left
Select Seat
Cancellation Policy]]>
            </line>
            <line>
              <![CDATA[Kallada Travels (Suresh Kallada)
A-C Sleeper (2+1)
15:15
10h
Boarding/Dropping Points
01:15
₹ 1,470
25 Seats Left
Select Seat
Cancellation Policy]]>
            </line>
            <line>
              <![CDATA[Swamy Ayyappa Travels
Capella A-C Sleeper (2+1)
15:20
9h 45m
Boarding/Dropping Points
01:05
₹ 1,630
31 Seats Left
Select Seat
Cancellation Policy]]>
            </line>
            <line>
              <![CDATA[Swamy Ayyappa Travels
Capella A-C Sleeper (2+1)
15:20
10h
Boarding/Dropping Points
01:20
₹ 1,630
36 Seats Left
Select Seat
Cancellation Policy]]>
            </line>
            <line>
              <![CDATA[Orange Tours and Travels
SCANIA AC Multi Axle Sleeper (2 + 1)
15:30
8h 25m
Boarding/Dropping Points
23:55
₹ 1,760
16 Seats Left
Select Seat
Cancellation Policy]]>
            </line>
            <line>
              <![CDATA[Orange Tours and Travels Platinum
VOLVO AC Multi Axle Sleeper (2 + 1)
15:30
8h 29m
Boarding/Dropping Points
23:59
₹ 1,760
12 Seats Left
Select Seat
Cancellation Policy]]>
            </line>
            <line>
              <![CDATA[Kallada Travels (Suresh Kallada)
Volvo Multi-Axle I-Shift A-C Semi Sleeper (2+2)
15:40
9h 20m
Boarding/Dropping Points
01:00
₹ 1,260
34 Seats Left
Select Seat
Cancellation Policy]]>
            </line>
            <line>
              <![CDATA[Alhind Tours and Travels Pvt Ltd
Volvo Multi-Axle Sleeper A-C (2+1)
15:40
9h 35m
Boarding/Dropping Points
01:15
₹ 1,580
35 Seats Left
Select Seat
Cancellation Policy]]>
            </line>
            <line>
              <![CDATA[Orange Tours and Travels Platinum
Volvo Multi-Axle Sleeper A-C (2+1)
15:50
9h 55m
Boarding/Dropping Points
01:45
₹ 1,850
31 Seats Left
Select Seat
Cancellation Policy]]>
            </line>
            <line>
              <![CDATA[Swamy Ayyappa Travels
AC Sleeper (2 + 1)
16:00
9h 15m
Boarding/Dropping Points
01:15
₹ 1,550
36 Seats Left
Select Seat
Cancellation Policy]]>
            </line>
            <line>
              <![CDATA[Kallada Tours and Travels
AC Sleeper (2 + 1)
16:10
7h 49m
Boarding/Dropping Points
23:59
₹ 1,400
25 Seats Left
Select Seat
Cancellation Policy]]>
            </line>
            <line>
              <![CDATA[Kallada Travels (Suresh Kallada)
A-C Sleeper (2+1)
16:15
9h 45m
Boarding/Dropping Points
02:00
₹ 1,470
25 Seats Left
Select Seat
Cancellation Policy]]>
            </line>
            <line>
              <![CDATA[Swamy Ayyappa Travels
Volvo Multi-Axle Sleeper A-C (2+1)
16:20
10h 5m
Boarding/Dropping Points
02:25
₹ 1,680
35 Seats Left
Select Seat
Cancellation Policy]]>
            </line>
            <line>
              <![CDATA[Orange Tours and Travels Platinum
VOLVO AC Multi Axle Sleeper (2 + 1)
16:30
9h 45m
Boarding/Dropping Points
02:15
₹ 1,550
16 Seats Left
Select Seat
Cancellation Policy]]>
            </line>
            <line>
              <![CDATA[Kallada Tours and Travels
VOLVO AC Multi Axle Semi Sleeper (2 + 2)
16:50
7h 55m
Boarding/Dropping Points
00:45
₹ 1,200
34 Seats Left
Select Seat
Cancellation Policy]]>
            </line>
            <line>
              <![CDATA[Swamy Ayyappa Travels
AC Sleeper (2 + 1)
17:00
8h
Boarding/Dropping Points
01:00
₹ 1,550
31 Seats Left
Select Seat
Cancellation Policy]]>
            </line>
            <line>
              <![CDATA[Orange Tours and Travels
VOLVO AC Multi Axle Semi Sleeper (2 + 2)
17:05
10h 5m
Boarding/Dropping Points
03:10
₹ 1,100
10 Seats Left
Select Seat
Cancellation Policy]]>
            </line>
            <line>
              <![CDATA[Swamy Ayyappa Travels
VOLVO AC Multi Axle Sleeper (2 + 1)
17:15
9h 30m
Boarding/Dropping Points
02:45
₹ 1,600
35 Seats Left
Select Seat
Cancellation Policy]]>
            </line>
            <line>
              <![CDATA[Orange Tours and Travels Platinum
Volvo Multi-Axle Sleeper A-C (2+1)
18:15
9h 20m
Boarding/Dropping Points
03:35
₹ 1,850
39 Seats Left
Select Seat
Cancellation Policy]]>
            </line>
            <line>
              <![CDATA[Orange Tours and Travels Platinum
VOLVO AC Multi Axle Sleeper (2 + 1)
18:15
9h 5m
Boarding/Dropping Points
03:20
₹ 1,860
41 Seats Left
Select Seat
Cancellation Policy]]>
            </line>
            <line>
              <![CDATA[IntrCity SmartBus
A-C Semi Sleeper - Sleeper (2+1)
18:45
13h 30m
Boarding/Dropping Points
08:15
₹ 1,210
39 Seats Left
Select Seat
Cancellation Policy]]>
            </line>
            <line>
              <![CDATA[IntrCity SmartBus
AC Semi Sleeper-Sleeper (2 + 1)
18:50
12h 10m
Boarding/Dropping Points
07:00
₹ 1,150
39 Seats Left
Select Seat
Cancellation Policy]]>
            </line>
            <line>
              <![CDATA[Saleem Travels
NON A-C Semi Sleeper (2+2)
19:10
10h 51m
Boarding/Dropping Points
06:01
₹ 893
29 Seats Left
Select Seat
Cancellation Policy]]>
            </line>
            <line>
              <![CDATA[Orange Tours and Travels Grand
A-C Sleeper (2+1)
19:10
9h 50m
Boarding/Dropping Points
05:00
₹ 1,730
34 Seats Left
Select Seat
Cancellation Policy]]>
            </line>
            <line>
              <![CDATA[Orange Tours and Travels Platinum
Volvo Multi-Axle Sleeper A-C (2+1)
19:10
10h 5m
Boarding/Dropping Points
05:15
₹ 1,850
36 Seats Left
Select Seat
Cancellation Policy]]>
            </line>
            <line>
              <![CDATA[IntrCity SmartBus
AC Sleeper (2+1)
19:30
11h 20m
Boarding/Dropping Points
06:50
₹ 1,800
30 Seats Left
Select Seat
Cancellation Policy]]>
            </line>
            <line>
              <![CDATA[Kaleswari Travels
NON A-C Seater Push Back (2+1)
19:30
11h 45m
Boarding/Dropping Points
07:15
₹ 2,050
12 Seats Left
Select Seat
Cancellation Policy]]>
            </line>
            <line>
              <![CDATA[Kaleswari Travels
NON A-C Seater - Sleeper (2+1)
19:30
11h 45m
Boarding/Dropping Points
07:15
₹ 2,050
46 Seats Left
Select Seat
Cancellation Policy]]>
            </line>
            <line>
              <![CDATA[Jabbar Travels
NON A-C Seater - Sleeper (2+1)
19:35
10h 15m
Boarding/Dropping Points
05:50
₹ 840
31 Seats Left
Select Seat
Cancellation Policy]]>
            </line>
            <line>
              <![CDATA[Jabbar Travels
Scania Multi-Axle AC Semi Sleeper (2+2)
19:35
9h 40m
Boarding/Dropping Points
05:15
₹ 998
51 Seats Left
Select Seat
Cancellation Policy]]>
            </line>
            <line>
              <![CDATA[Sri Krishna Travels
NON A-C Seater - Sleeper (2+1)
19:40
11h 20m
Boarding/Dropping Points
07:00
₹ 893
26 Seats Left
Select Seat
Cancellation Policy]]>
            </line>
            <line>
              <![CDATA[Sri Krishna Travels
A-C Sleeper (2+1)
19:40
11h 20m
Boarding/Dropping Points
07:00
₹ 1,630
24 Seats Left
Select Seat
Cancellation Policy]]>
            </line>
            <line>
              <![CDATA[Jabbar Travels
NON-AC Seater-Sleeper (2 + 1)
19:45
9h 45m
Boarding/Dropping Points
05:30
₹ 800
34 Seats Left
Select Seat
Cancellation Policy]]>
            </line>
            <line>
              <![CDATA[Jabbar Travels
Non A-C, Seater Sleeper
19:45
9h 45m
Boarding/Dropping Points
05:30
₹ 1,200
31 Seats Left
Select Seat
Cancellation Policy]]>
            </line>
            <line>
              <![CDATA[V Kaveri Travels
Volvo Multi-Axle A-C Sleeper (2+1)
19:45
10h 20m
Boarding/Dropping Points
06:05
₹ 1,850
29 Seats Left
Select Seat
Cancellation Policy]]>
            </line>
            <line>
              <![CDATA[SR Tours and Travels
A-C Sleeper (2+1)
19:45
8h 45m
Boarding/Dropping Points
04:30
₹ 2,310
30 Seats Left
Select Seat
Cancellation Policy]]>
            </line>
            <line>
              <![CDATA[Swamy Ayyappa Travels
Volvo Multi-Axle Sleeper A-C (2+1)
19:50
8h 35m
Boarding/Dropping Points
04:25
₹ 1,680
37 Seats Left
Select Seat
Cancellation Policy]]>
            </line>
            <line>
              <![CDATA[SR Tours and Travels
AC Sleeper (2 + 1)
19:50
8h 15m
Boarding/Dropping Points
04:05
₹ 2,200
30 Seats Left
Select Seat
Cancellation Policy]]>
            </line>
            <line>
              <![CDATA[SR Tours and Travels
A-C, Sleeper
19:50
8h 15m
Boarding/Dropping Points
04:05
₹ 2,200
30 Seats Left
Select Seat
Cancellation Policy]]>
            </line>
            <line>
              <![CDATA[Sri Vinayaka Travels
NON-AC Seater-Sleeper (2 + 1)
20:00
10h 30m
Boarding/Dropping Points
06:30
₹ 900
40 Seats Left
Select Seat
Cancellation Policy]]>
            </line>
            <line>
              <![CDATA[Aditya Bus
AC Sleeper (2 + 1)
20:00
10h 35m
Boarding/Dropping Points
06:35
₹ 1,250
Sold Out
Select Seat
Cancellation Policy]]>
            </line>
            <line>
              <![CDATA[BSR TOURS And TRAVELS
AC Seater-Sleeper (2 + 1)
20:00
10h
Boarding/Dropping Points
06:00
₹ 1,380
26 Seats Left
Select Seat
Cancellation Policy]]>
            </line>
            <line>
              <![CDATA[Orange Tours and Travels Grand
AC Sleeper (2 + 1)
20:00
9h 20m
Boarding/Dropping Points
05:20
₹ 1,550
16 Seats Left
Select Seat
Cancellation Policy]]>
            </line>
            <line>
              <![CDATA[Orange Tours and Travels Platinum
VOLVO AC Multi Axle Sleeper (2 + 1)
20:00
9h 30m
Boarding/Dropping Points
05:30
₹ 1,760
20 Seats Left
Select Seat
Cancellation Policy]]>
            </line>
            <line>
              <![CDATA[V Kaveri Travels
VOLVO AC Multi Axle Sleeper (2 + 1)
20:00
9h 30m
Boarding/Dropping Points
05:30
₹ 1,760
Sold Out
Select Seat
Cancellation Policy]]>
            </line>
            <line>
              <![CDATA[BSR TOURS And TRAVELS
VOLVO AC Multi Axle Sleeper (2 + 1)
20:00
10h
Boarding/Dropping Points
06:00
₹ 2,490
24 Seats Left
Select Seat
Cancellation Policy]]>
            </line>
            <line>
              <![CDATA[GEE PEE TRAVELS
Non AC Seater (2+2)
20:05
13h 10m
Boarding/Dropping Points
09:15
₹ 1,260
40 Seats Left
Select Seat
Cancellation Policy]]>
            </line>
            <line>
              <![CDATA[GEE PEE TRAVELS
NON A-C Sleeper (2+1)
20:05
12h 25m
Boarding/Dropping Points
08:30
₹ 1,470
30 Seats Left
Select Seat
Cancellation Policy]]>
            </line>
            <line>
              <![CDATA[SL Travels
NON A-C Sleeper (2+1)
20:10
10h 20m
Boarding/Dropping Points
06:30
₹ 1,140
30 Seats Left
Select Seat
Cancellation Policy]]>
            </line>
            <line>
              <![CDATA[Jabbar Travels
A-C, Semi Sleeper, Scania, Multi Axle
20:15
8h 45m
Boarding/Dropping Points
05:00
₹ 950
51 Seats Left
Select Seat
Cancellation Policy]]>
            </line>
            <line>
              <![CDATA[Jabbar Travels
SCANIA AC Multi Axle Semi Sleeper (2 + 2)
20:15
8h 45m
Boarding/Dropping Points
05:00
₹ 950
43 Seats Left
Select Seat
Cancellation Policy]]>
            </line>
            <line>
              <![CDATA[Saleem Travels (Hyderabad)
Non A-C, Seater Semi Sleeper, Deluxe
20:20
9h 40m
Boarding/Dropping Points
06:00
₹ 1,200
20 Seats Left
Select Seat
Cancellation Policy]]>
            </line>
            <line>
              <![CDATA[Sri Krishna Travels
NON-AC Seater-Sleeper (2 + 1)
20:30
9h 30m
Boarding/Dropping Points
06:00
₹ 850
26 Seats Left
Select Seat
Cancellation Policy]]>
            </line>
            <line>
              <![CDATA[Sri Krishna Travels
AC Sleeper (2 + 1)
20:30
10h
Boarding/Dropping Points
06:30
₹ 1,550
24 Seats Left
Select Seat
Cancellation Policy]]>
            </line>
            <line>
              <![CDATA[Swamy Ayyappa Travels
VOLVO AC Multi Axle Sleeper (2 + 1)
20:30
8h 15m
Boarding/Dropping Points
04:45
₹ 1,600
37 Seats Left
Select Seat
Cancellation Policy]]>
            </line>
            <line>
              <![CDATA[Happy Bus Services
NON A-C Seater - Sleeper (2+1)
20:30
11h 5m
Boarding/Dropping Points
07:35
₹ 1,780
36 Seats Left
Select Seat
Cancellation Policy]]>
            </line>
            <line>
              <![CDATA[AVM Travels
NON-AC Seater-Sleeper (2 + 1)
20:35
11h 10m
Boarding/Dropping Points
07:45
₹ 2,000
41 Seats Left
Select Seat
Cancellation Policy]]>
            </line>
            <line>
              <![CDATA[BSR Tours And Travels
A-C Seater - Sleeper (2+1)
20:40
10h 30m
Boarding/Dropping Points
07:10
₹ 1,450
26 Seats Left
Select Seat
Cancellation Policy]]>
            </line>
            <line>
              <![CDATA[Orange Tours And Travels
Scania AC Multi Axle Sleeper (2+1)
20:40
10h 5m
Boarding/Dropping Points
06:45
₹ 1,850
39 Seats Left
Select Seat
Cancellation Policy]]>
            </line>
            <line>
              <![CDATA[BSR Tours And Travels
Volvo Multi-Axle A-C Sleeper (2+1)
20:40
10h 30m
Boarding/Dropping Points
07:10
₹ 2,610
24 Seats Left
Select Seat
Cancellation Policy]]>
            </line>
            <line>
              <![CDATA[Sri Megha Travels
Non AC Seater (2+1)
20:44
10h 36m
Boarding/Dropping Points
07:20
₹ 1,050
28 Seats Left
Select Seat
Cancellation Policy]]>
            </line>
            <line>
              <![CDATA[KGN INDIA
NON A-C Sleeper (2+1)
20:45
9h 20m
Boarding/Dropping Points
06:05
₹ 945
24 Seats Left
Select Seat
Cancellation Policy]]>
            </line>
            <line>
              <![CDATA[HAPPY BUS SERVICES
NON-AC Seater-Sleeper (2 + 1)
20:45
11h 15m
Boarding/Dropping Points
08:00
₹ 1,700
36 Seats Left
Select Seat
Cancellation Policy]]>
            </line>
            <line>
              <![CDATA[IntrCity SmartBus
AC Sleeper (2 + 1)
20:45
10h 10m
Boarding/Dropping Points
06:55
₹ 1,710
30 Seats Left
Select Seat
Cancellation Policy]]>
            </line>
            <line>
              <![CDATA[SREEONE
AC Sleeper (2 + 1)
20:45
9h 45m
Boarding/Dropping Points
06:30
₹ 2,900
Sold Out
Select Seat
Cancellation Policy]]>
            </line>
            <line>
              <![CDATA[Orange Tours And Travels
NON A-C Seater - Sleeper (2+1)
20:50
11h 15m
Boarding/Dropping Points
08:05
₹ 893
40 Seats Left
Select Seat
Cancellation Policy]]>
            </line>
            <line>
              <![CDATA[Orange Tours and Travels Premium
Volvo Multi-Axle A-C Semi Sleeper (2+2)
20:50
10h 40m
Boarding/Dropping Points
07:30
₹ 1,100
37 Seats Left
Select Seat
Cancellation Policy]]>
            </line>
            <line>
              <![CDATA[Orange Tours and Travels Business Class
A-C Semi Sleeper (2+1)
20:50
10h 40m
Boarding/Dropping Points
07:30
₹ 1,160
9 Seats Left
Select Seat
Cancellation Policy]]>
            </line>
            <line>
              <![CDATA[AVM Travels
AC Sleeper (2 + 1)
20:50
11h 10m
Boarding/Dropping Points
08:00
₹ 1,500
24 Seats Left
Select Seat
Cancellation Policy]]>
            </line>
            <line>
              <![CDATA[AVM Travels
NON-AC Seater-Sleeper (2 + 1)
20:50
11h 10m
Boarding/Dropping Points
08:00
₹ 2,000
41 Seats Left
Select Seat
Cancellation Policy]]>
            </line>
            <line>
              <![CDATA[Sri Vinayaka Travels
NON A-C Seater - Sleeper (2+1)
21:00
10h 25m
Boarding/Dropping Points
07:25
₹ 945
41 Seats Left
Select Seat
Cancellation Policy]]>
            </line>
            <line>
              <![CDATA[Orange Tours and Travels Premium
VOLVO AC Multi Axle Semi Sleeper (2 + 1)
21:00
9h 30m
Boarding/Dropping Points
06:30
₹ 1,100
20 Seats Left
Select Seat
Cancellation Policy]]>
            </line>
            <line>
              <![CDATA[VRL Travels
AC Sleeper
21:00
9h 45m
Boarding/Dropping Points
06:45
₹ 1,200
29 Seats Left
Select Seat
Cancellation Policy]]>
            </line>
            <line>
              <![CDATA[Orange Tours and Travels Business Class
VOLVO AC Multi Axle Semi Sleeper
21:00
9h 30m
Boarding/Dropping Points
06:30
₹ 1,200
11 Seats Left
Select Seat
Cancellation Policy]]>
            </line>
            <line>
              <![CDATA[KKaveri Travels
NON-AC Sleeper (2 + 1)
21:00
9h 30m
Boarding/Dropping Points
06:30
₹ 1,320
Sold Out
Select Seat
Cancellation Policy]]>
            </line>
            <line>
              <![CDATA[Dheeraj Tours and Travels
AC Sleeper (2 + 1)
21:00
9h
Boarding/Dropping Points
06:00
₹ 1,550
34 Seats Left
Select Seat
Cancellation Policy]]>
            </line>
            <line>
              <![CDATA[Orange Tours and Travels
SCANIA AC Multi Axle Sleeper (2 + 1)
21:00
9h 30m
Boarding/Dropping Points
06:30
₹ 1,550
19 Seats Left
Select Seat
Cancellation Policy]]>
            </line>
            <line>
              <![CDATA[Orange Tours and Travels
NON-AC Seater-Sleeper (2 + 1)
21:05
11h
Boarding/Dropping Points
08:05
₹ 900
11 Seats Left
Select Seat
Cancellation Policy]]>
            </line>
            <line>
              <![CDATA[Greenline Travels
AC Sleeper (2 + 1)
21:10
8h 50m
Boarding/Dropping Points
06:00
₹ 1,550
Sold Out
Select Seat
Cancellation Policy]]>
            </line>
            <line>
              <![CDATA[Talakaveri Bus
A-C Sleeper (2+1)
21:10
9h 50m
Boarding/Dropping Points
07:00
₹ 1,630
27 Seats Left
Select Seat
Cancellation Policy]]>
            </line>
            <line>
              <![CDATA[S L Travels
AC Sleeper (2 + 1)
21:15
9h 45m
Boarding/Dropping Points
07:00
₹ 1,250
32 Seats Left
Select Seat
Cancellation Policy]]>
            </line>
            <line>
              <![CDATA[Mahi Trans Solutions
NON-AC Seater-Sleeper (2 + 1)
21:15
10h 30m
Boarding/Dropping Points
07:45
₹ 1,300
32 Seats Left
Select Seat
Cancellation Policy]]>
            </line>
            <line>
              <![CDATA[DLT Bus
AC Sleeper (2 + 1)
21:15
9h 15m
Boarding/Dropping Points
06:30
₹ 1,400
25 Seats Left
Select Seat
Cancellation Policy]]>
            </line>
            <line>
              <![CDATA[Sunshine Travels
Volvo Multi-Axle A-C Sleeper (2+1)
21:15
9h
Boarding/Dropping Points
06:15
₹ 2,630
25 Seats Left
Select Seat
Cancellation Policy]]>
            </line>
            <line>
              <![CDATA[Morning Star Travels
AC Sleeper (2 + 1)
21:20
8h 40m
Boarding/Dropping Points
06:00
₹ 1,550
30 Seats Left
Select Seat
Cancellation Policy]]>
            </line>
            <line>
              <![CDATA[V Kaveri Travels
NON-AC Seater-Sleeper (2 + 1)
21:30
9h
Boarding/Dropping Points
06:30
₹ 850
25 Seats Left
Select Seat
Cancellation Policy]]>
            </line>
            <line>
              <![CDATA[V Kaveri Travels
NON A-C Seater - Sleeper (2+1)
21:30
10h
Boarding/Dropping Points
07:30
₹ 893
25 Seats Left
Select Seat
Cancellation Policy]]>
            </line>
            <line>
              <![CDATA[KKaveri Travels
NON A-C Seater - Sleeper (2+1)
21:30
10h 20m
Boarding/Dropping Points
07:50
₹ 893
36 Seats Left
Select Seat
Cancellation Policy]]>
            </line>
            <line>
              <![CDATA[Sri Megha Travels
NON-AC Seater-Sleeper (2 + 1)
21:30
9h
Boarding/Dropping Points
06:30
₹ 1,000
28 Seats Left
Select Seat
Cancellation Policy]]>
            </line>
            <line>
              <![CDATA[KKaveri Travels
NON A-C Seater - Sleeper (2+1)
21:30
9h 45m
Boarding/Dropping Points
07:15
₹ 1,050
24 Seats Left
Select Seat
Cancellation Policy]]>
            </line>
            <line>
              <![CDATA[KKaveri Travels
NON A-C Sleeper (2+1)
21:30
10h 20m
Boarding/Dropping Points
07:50
₹ 1,390
36 Seats Left
Select Seat
Cancellation Policy]]>
            </line>
            <line>
              <![CDATA[V Kaveri Travels
VOLVO AC Multi Axle Sleeper (2 + 1)
21:30
8h 30m
Boarding/Dropping Points
06:00
₹ 1,760
33 Seats Left
Select Seat
Cancellation Policy]]>
            </line>
            <line>
              <![CDATA[Sri Krishna Travels
VOLVO AC Multi Axle Sleeper (2 + 1)
21:30
10h
Boarding/Dropping Points
07:30
₹ 1,760
29 Seats Left
Select Seat
Cancellation Policy]]>
            </line>
            <line>
              <![CDATA[V Kaveri Travels
Volvo Multi-Axle A-C Sleeper (2+1)
21:30
9h 50m
Boarding/Dropping Points
07:20
₹ 1,850
33 Seats Left
Select Seat
Cancellation Policy]]>
            </line>
            <line>
              <![CDATA[Sri Krishna Travels
Volvo Multi-Axle A-C Sleeper (2+1)
21:30
10h 30m
Boarding/Dropping Points
08:00
₹ 1,850
29 Seats Left
Select Seat
Cancellation Policy]]>
            </line>
            <line>
              <![CDATA[IntrCity SmartBus
AC Sleeper (2 + 1)
21:30
10h
Boarding/Dropping Points
07:30
₹ 1,950
30 Seats Left
Select Seat
Cancellation Policy]]>
            </line>
            <line>
              <![CDATA[KKaveri Travels
Volvo Multi-Axle A-C Sleeper (2+1)
21:30
10h 45m
Boarding/Dropping Points
08:15
₹ 1,980
27 Seats Left
Select Seat
Cancellation Policy]]>
            </line>
            <line>
              <![CDATA[Talakaveri Bus
Volvo Multi-Axle A-C Sleeper (2+1)
21:30
10h 35m
Boarding/Dropping Points
08:05
₹ 2,090
26 Seats Left
Select Seat
Cancellation Policy]]>
            </line>
            <line>
              <![CDATA[Bharathi Travels
NON-AC Seater-Sleeper (2 + 1)
21:35
10h 45m
Boarding/Dropping Points
08:20
₹ 1,500
Sold Out
Select Seat
Cancellation Policy]]>
            </line>
            <line>
              <![CDATA[IntrCity SmartBus
AC Sleeper (2+1)
21:35
10h 50m
Boarding/Dropping Points
08:25
₹ 2,050
30 Seats Left
Select Seat
Cancellation Policy]]>
            </line>
            <line>
              <![CDATA[Jabbar Travels
NON A-C Sleeper (2+1)
21:40
10h 15m
Boarding/Dropping Points
07:55
₹ 1,040
21 Seats Left
Select Seat
Cancellation Policy]]>
            </line>
            <line>
              <![CDATA[IntrCity SmartBus
AC Sleeper (2 + 1)
21:40
10h 40m
Boarding/Dropping Points
08:20
₹ 1,950
30 Seats Left
Select Seat
Cancellation Policy]]>
            </line>
            <line>
              <![CDATA[VRL Travels
NON-AC Seater-Sleeper (2 + 1)
21:45
8h 45m
Boarding/Dropping Points
06:30
₹ 800
41 Seats Left
Select Seat
Cancellation Policy]]>
            </line>
            <line>
              <![CDATA[SRS Travels and Logistics Private Limited
SCANIA AC Semi Sleeper (2 + 2)
21:45
8h 30m
Boarding/Dropping Points
06:15
₹ 850
1 Seats Left
Select Seat
Cancellation Policy]]>
            </line>
            <line>
              <![CDATA[SRS Travels
Scania Multi-Axle AC Semi Sleeper (2+2)
21:45
8h 10m
Boarding/Dropping Points
05:55
₹ 893
1 Seats Left
Select Seat
Cancellation Policy]]>
            </line>
            <line>
              <![CDATA[Jabbar Travels
NON-AC Sleeper (2 + 1)
21:45
10h
Boarding/Dropping Points
07:45
₹ 990
21 Seats Left
Select Seat
Cancellation Policy]]>
            </line>
            <line>
              <![CDATA[Jabbar Travels
Non A-C, Sleeper
21:45
10h
Boarding/Dropping Points
07:45
₹ 1,050
21 Seats Left
Select Seat
Cancellation Policy]]>
            </line>
            <line>
              <![CDATA[Jabbar Travels
NON-AC Seater-Sleeper (2 + 1)
21:45
9h 50m
Boarding/Dropping Points
07:35
₹ 1,200
Sold Out
Select Seat
Cancellation Policy]]>
            </line>
            <line>
              <![CDATA[Aditya Logistics
A-C Sleeper (2+1)
21:45
10h 40m
Boarding/Dropping Points
08:25
₹ 1,310
21 Seats Left
Select Seat
Cancellation Policy]]>
            </line>
            <line>
              <![CDATA[Morning Star Travels
AC Sleeper (2 + 1)
21:45
8h 45m
Boarding/Dropping Points
06:30
₹ 1,550
30 Seats Left
Select Seat
Cancellation Policy]]>
            </line>
            <line>
              <![CDATA[Sunshine Travels
A-C Sleeper (2+1)
21:55
11h
Boarding/Dropping Points
08:55
₹ 1,630
23 Seats Left
Select Seat
Cancellation Policy]]>
            </line>
            <line>
              <![CDATA[AVM Tours And Travels
NON A-C Seater - Sleeper (2+1)
21:55
9h 50m
Boarding/Dropping Points
07:45
₹ 2,100
46 Seats Left
Select Seat
Cancellation Policy]]>
            </line>
            <line>
              <![CDATA[Aditya Bus
AC Sleeper (2 + 1)
22:00
9h
Boarding/Dropping Points
07:00
₹ 1,250
21 Seats Left
Select Seat
Cancellation Policy]]>
            </line>
            <line>
              <![CDATA[Morning Star Travels
NON-AC Sleeper (2 + 1)
22:00
8h 30m
Boarding/Dropping Points
06:30
₹ 1,320
30 Seats Left
Select Seat
Cancellation Policy]]>
            </line>
            <line>
              <![CDATA[SKumar Travels
AC Sleeper (2 + 1)
22:00
9h
Boarding/Dropping Points
07:00
₹ 1,400
13 Seats Left
Select Seat
Cancellation Policy]]>
            </line>
            <line>
              <![CDATA[K Kaveri Travels
2+1 AC Sleeper
22:00
9h
Boarding/Dropping Points
07:00
₹ 1,550
34 Seats Left
Select Seat
Cancellation Policy]]>
            </line>
            <line>
              <![CDATA[Rajesh Transports
AC Sleeper (2 + 1)
22:00
8h 30m
Boarding/Dropping Points
06:30
₹ 1,600
20 Seats Left
Select Seat
Cancellation Policy]]>
            </line>
            <line>
              <![CDATA[Sunshine Travels
Scania Multi-Axle AC Semi Sleeper (2+2)
22:00
10h 10m
Boarding/Dropping Points
08:10
₹ 1,680
39 Seats Left
Select Seat
Cancellation Policy]]>
            </line>
            <line>
              <![CDATA[Sunshine Travels
Volvo Multi-Axle A-C Sleeper (2+1)
22:00
9h 10m
Boarding/Dropping Points
07:10
₹ 1,680
30 Seats Left
Select Seat
Cancellation Policy]]>
            </line>
            <line>
              <![CDATA[Orange Tours and Travels Platinum
VOLVO AC Multi Axle Sleeper (2 + 1)
22:00
9h 10m
Boarding/Dropping Points
07:10
₹ 1,850
12 Seats Left
Select Seat
Cancellation Policy]]>
            </line>
            <line>
              <![CDATA[G P M TRAVELS
A-C, Sleeper, Deluxe
22:00
7h 57m
Boarding/Dropping Points
05:57
₹ 1,880
22 Seats Left
Select Seat
Cancellation Policy]]>
            </line>
            <line>
              <![CDATA[New Kaleswari Travels
NON-AC Pushback Seater (2 + 1)
22:00
10h
Boarding/Dropping Points
08:00
₹ 1,950
12 Seats Left
Select Seat
Cancellation Policy]]>
            </line>
            <line>
              <![CDATA[New Kaleswari Travels
NON-AC Seater-Sleeper (2 + 1)
22:00
10h
Boarding/Dropping Points
08:00
₹ 1,950
19 Seats Left
Select Seat
Cancellation Policy]]>
            </line>
            <line>
              <![CDATA[KBN Travels
A-C, Sleeper, Premium B9r Multi Axle, Multi Axle
22:00
9h 30m
Boarding/Dropping Points
07:30
₹ 2,000
42 Seats Left
Select Seat
Cancellation Policy]]>
            </line>
            <line>
              <![CDATA[Sri Krishna Travels
A-C Sleeper (2+1)
22:00
10h 25m
Boarding/Dropping Points
08:25
₹ 3,150
37 Seats Left
Select Seat
Cancellation Policy]]>
            </line>
            <line>
              <![CDATA[Vikram Travels
AC Sleeper (2 + 1)
22:00
8h 20m
Boarding/Dropping Points
06:20
₹ 3,500
34 Seats Left
Select Seat
Cancellation Policy]]>
            </line>
            <line>
              <![CDATA[Orange Tours and Travels
AC Seater-Sleeper (2 + 1)
22:05
9h 25m
Boarding/Dropping Points
07:30
₹ 1,050
16 Seats Left
Select Seat
Cancellation Policy]]>
            </line>
            <line>
              <![CDATA[EXEL RIDES
AC Sleeper (2 + 1)
22:05
9h
Boarding/Dropping Points
07:05
₹ 1,500
28 Seats Left
Select Seat
Cancellation Policy]]>
            </line>
            <line>
              <![CDATA[ISRTC BUS
AC Sleeper (2+1)
22:05
7h 55m
Boarding/Dropping Points
06:00
₹ 2,090
12 Seats Left
Select Seat
Cancellation Policy]]>
            </line>
            <line>
              <![CDATA[SL Travels
A-C Sleeper (2+1)
22:10
9h 25m
Boarding/Dropping Points
07:35
₹ 1,310
32 Seats Left
Select Seat
Cancellation Policy]]>
            </line>
            <line>
              <![CDATA[S L TRAVELS
A-C Sleeper (2+1)
22:10
9h 35m
Boarding/Dropping Points
07:45
₹ 1,370
20 Seats Left
Select Seat
Cancellation Policy]]>
            </line>
            <line>
              <![CDATA[IntrCity SmartBus
AC Sleeper (2+1)
22:10
10h 55m
Boarding/Dropping Points
09:05
₹ 2,050
30 Seats Left
Select Seat
Cancellation Policy]]>
            </line>
            <line>
              <![CDATA[AVM Tours And Travels
NON A-C Seater - Sleeper (2+1)
22:10
9h 50m
Boarding/Dropping Points
08:00
₹ 2,100
46 Seats Left
Select Seat
Cancellation Policy]]>
            </line>
            <line>
              <![CDATA[EXEL RIDES
A-C Sleeper (2+1)
22:15
9h 15m
Boarding/Dropping Points
07:30
₹ 1,150
28 Seats Left
Select Seat
Cancellation Policy]]>
            </line>
            <line>
              <![CDATA[VRL Travels
A-C Sleeper (2+1)
22:15
9h
Boarding/Dropping Points
07:15
₹ 1,260
29 Seats Left
Select Seat
Cancellation Policy]]>
            </line>
            <line>
              <![CDATA[Bharathi Travels
VOLVO AC Multi Axle Sleeper (2 + 1)
22:15
9h 5m
Boarding/Dropping Points
07:20
₹ 1,600
Sold Out
Select Seat
Cancellation Policy]]>
            </line>
            <line>
              <![CDATA[Morning Star Travels
A-C Sleeper (2+1)
22:15
8h
Boarding/Dropping Points
06:15
₹ 1,630
30 Seats Left
Select Seat
Cancellation Policy]]>
            </line>
            <line>
              <![CDATA[Vikram Travels
A-C Sleeper (2+1)
22:15
9h
Boarding/Dropping Points
07:15
₹ 3,680
34 Seats Left
Select Seat
Cancellation Policy]]>
            </line>
            <line>
              <![CDATA[Orange Tours And Travels
Bharat Benz A-C Seater -Sleeper (2+1)
22:20
10h 10m
Boarding/Dropping Points
08:30
₹ 998
42 Seats Left
Select Seat
Cancellation Policy]]>
            </line>
            <line>
              <![CDATA[DLT BUS
A-C Sleeper (2+1)
22:20
7h 40m
Boarding/Dropping Points
06:00
₹ 1,470
25 Seats Left
Select Seat
Cancellation Policy]]>
            </line>
            <line>
              <![CDATA[DLT BUS
A-C Sleeper (2+1)
22:20
7h 45m
Boarding/Dropping Points
06:05
₹ 1,470
12 Seats Left
Select Seat
Cancellation Policy]]>
            </line>
            <line>
              <![CDATA[G P M TRAVELS
Non A-C, Seater, Deluxe
22:20
9h 15m
Boarding/Dropping Points
07:35
₹ 1,530
25 Seats Left
Select Seat
Cancellation Policy]]>
            </line>
            <line>
              <![CDATA[Orange Tours and Travels
AC Sleeper (2 + 1)
22:20
9h 10m
Boarding/Dropping Points
07:30
₹ 1,550
15 Seats Left
Select Seat
Cancellation Policy]]>
            </line>
            <line>
              <![CDATA[Orange Tours and Travels Grand
AC Sleeper (2 + 1)
22:20
9h 10m
Boarding/Dropping Points
07:30
₹ 1,550
11 Seats Left
Select Seat
Cancellation Policy]]>
            </line>
            <line>
              <![CDATA[Orange Tours and Travels Grand
A-C Sleeper (2+1)
22:20
10h
Boarding/Dropping Points
08:20
₹ 1,630
34 Seats Left
Select Seat
Cancellation Policy]]>
            </line>
            <line>
              <![CDATA[Orange Tours And Travels
A-C Sleeper (2+1)
22:20
10h 40m
Boarding/Dropping Points
09:00
₹ 1,630
36 Seats Left
Select Seat
Cancellation Policy]]>
            </line>
            <line>
              <![CDATA[Orange Tours and Travels Platinum
Volvo Multi-Axle Sleeper A-C (2+1)
22:20
8h 55m
Boarding/Dropping Points
07:15
₹ 1,850
39 Seats Left
Select Seat
Cancellation Policy]]>
            </line>
            <line>
              <![CDATA[Talakaveri Travels
VOLVO AC Multi Axle Sleeper (2 + 1)
22:20
9h 10m
Boarding/Dropping Points
07:30
₹ 1,990
26 Seats Left
Select Seat
Cancellation Policy]]>
            </line>
            <line>
              <![CDATA[SRS Travels and Logistics Private Limited
MERCEDES BENZ AC Multi Axle Semi Sleeper (2 +2)
22:30
8h 30m
Boarding/Dropping Points
07:00
₹ 850
48 Seats Left
Select Seat
Cancellation Policy]]>
            </line>
            <line>
              <![CDATA[SRS Travels
Mercedes Multi-Axle Semi Sleeper (2+2)
22:30
8h 10m
Boarding/Dropping Points
06:40
₹ 893
52 Seats Left
Select Seat
Cancellation Policy]]>
            </line>
            <line>
              <![CDATA[Dharani Tours and Travels
NON A-C Seater - Sleeper (2+1)
22:30
9h 15m
Boarding/Dropping Points
07:45
₹ 1,360
25 Seats Left
Select Seat
Cancellation Policy]]>
            </line>
            <line>
              <![CDATA[Mahi Trans Solutions
NON A-C Seater - Sleeper (2+1)
22:30
9h 32m
Boarding/Dropping Points
08:02
₹ 1,360
32 Seats Left
Select Seat
Cancellation Policy]]>
            </line>
            <line>
              <![CDATA[Mahi Trans Solutions
AC Seater-Sleeper (2 + 1)
22:30
9h
Boarding/Dropping Points
07:30
₹ 1,500
32 Seats Left
Select Seat
Cancellation Policy]]>
            </line>
            <line>
              <![CDATA[Mahi Trans Solutions
A-C Seater - Sleeper (2+1)
22:30
9h 50m
Boarding/Dropping Points
08:20
₹ 1,570
32 Seats Left
Select Seat
Cancellation Policy]]>
            </line>
            <line>
              <![CDATA[BMCC Travels Pvt Ltd
A-C Seater - Sleeper (2+1)
22:35
10h
Boarding/Dropping Points
08:35
₹ 998
29 Seats Left
Select Seat
Cancellation Policy]]>
            </line>
            <line>
              <![CDATA[Jabbar Travels
Scania AC Multi Axle Sleeper (2+1)
22:35
9h 35m
Boarding/Dropping Points
08:10
₹ 1,770
32 Seats Left
Select Seat
Cancellation Policy]]>
            </line>
            <line>
              <![CDATA[Orange Tours and Travels
Mercedes Benz AC Multi Axle Sleeper (2 + 1)
22:40
9h 5m
Boarding/Dropping Points
07:45
₹ 1,760
16 Seats Left
Select Seat
Cancellation Policy]]>
            </line>
            <line>
              <![CDATA[Orange Tours And Travels
Mercedes Benz Multi-Axle A-C Sleeper (2+1)
22:40
9h 5m
Boarding/Dropping Points
07:45
₹ 1,850
36 Seats Left
Select Seat
Cancellation Policy]]>
            </line>
            <line>
              <![CDATA[Hail Trip
A-C Sleeper (2+1)
22:40
10h 15m
Boarding/Dropping Points
08:55
₹ 1,940
23 Seats Left
Select Seat
Cancellation Policy]]>
            </line>
            <line>
              <![CDATA[Bharathi Travels
NON-AC Seater-Sleeper (2 + 1)
22:45
9h
Boarding/Dropping Points
07:45
₹ 1,350
Sold Out
Select Seat
Cancellation Policy]]>
            </line>
            <line>
              <![CDATA[G P M TRAVELS
Non A-C, Sleeper
22:45
9h 20m
Boarding/Dropping Points
08:05
₹ 1,370
20 Seats Left
Select Seat
Cancellation Policy]]>
            </line>
            <line>
              <![CDATA[Nida Tours and Travels
AC Sleeper (2 + 1)
22:45
8h
Boarding/Dropping Points
06:45
₹ 1,400
22 Seats Left
Select Seat
Cancellation Policy]]>
            </line>
            <line>
              <![CDATA[S Kumar Travels
Capella A-C Sleeper (2+1)
22:45
9h
Boarding/Dropping Points
07:45
₹ 1,470
20 Seats Left
Select Seat
Cancellation Policy]]>
            </line>
            <line>
              <![CDATA[KBN Travels
Non A-C, Seater Sleeper
22:45
8h 45m
Boarding/Dropping Points
07:30
₹ 1,500
46 Seats Left
Select Seat
Cancellation Policy]]>
            </line>
            <line>
              <![CDATA[KKaveri Travels
AC Sleeper (2 + 1)
22:45
8h 15m
Boarding/Dropping Points
07:00
₹ 1,550
28 Seats Left
Select Seat
Cancellation Policy]]>
            </line>
            <line>
              <![CDATA[Maahi Metro
A-C Seater - Sleeper (2+1)
22:45
10h 15m
Boarding/Dropping Points
09:00
₹ 1,580
40 Seats Left
Select Seat
Cancellation Policy]]>
            </line>
            <line>
              <![CDATA[SHIVA SAI TRAVELS
A-C Sleeper (2+1)
22:45
9h 10m
Boarding/Dropping Points
07:55
₹ 1,580
28 Seats Left
Select Seat
Cancellation Policy]]>
            </line>
            <line>
              <![CDATA[K Kaveri Travels
A-C Sleeper (2+1)
22:45
9h 5m
Boarding/Dropping Points
07:50
₹ 1,630
34 Seats Left
Select Seat
Cancellation Policy]]>
            </line>
            <line>
              <![CDATA[Orange Tours And Travels
Bharat Benz A-C Sleeper (2+1)
22:45
9h 35m
Boarding/Dropping Points
08:20
₹ 1,630
30 Seats Left
Select Seat
Cancellation Policy]]>
            </line>
            <line>
              <![CDATA[KBN Travels
A-C, Seater Sleeper, Deluxe
22:45
8h 45m
Boarding/Dropping Points
07:30
₹ 1,700
46 Seats Left
Select Seat
Cancellation Policy]]>
            </line>
            <line>
              <![CDATA[KBN Travels
A-C, Sleeper, Deluxe
22:45
8h 15m
Boarding/Dropping Points
07:00
₹ 2,000
30 Seats Left
Select Seat
Cancellation Policy]]>
            </line>
            <line>
              <![CDATA[KBN Travels
Non A-C, Seater
22:45
8h 45m
Boarding/Dropping Points
07:30
₹ 2,000
41 Seats Left
Select Seat
Cancellation Policy]]>
            </line>
            <line>
              <![CDATA[Morning Star Travels
NON A-C Sleeper (2+1)
22:50
7h 55m
Boarding/Dropping Points
06:45
₹ 1,390
30 Seats Left
Select Seat
Cancellation Policy]]>
            </line>
            <line>
              <![CDATA[Morning Star Travels
A-C Sleeper (2+1)
22:50
8h 40m
Boarding/Dropping Points
07:30
₹ 1,630
30 Seats Left
Select Seat
Cancellation Policy]]>
            </line>
            <line>
              <![CDATA[IntrCity SmartBus
VOLVO AC Multi Axle Sleeper (2 + 1)
22:55
10h 40m
Boarding/Dropping Points
09:35
₹ 2,200
42 Seats Left
Select Seat
Cancellation Policy]]>
            </line>
            <line>
              <![CDATA[IntrCity SmartBus
Volvo Multi Axle Sleeper B11R (2+1)
22:55
10h 40m
Boarding/Dropping Points
09:35
₹ 2,310
42 Seats Left
Select Seat
Cancellation Policy]]>
            </line>
            <line>
              <![CDATA[Orange Tours and Travels
AC Sleeper (2 + 1)
23:00
9h 30m
Boarding/Dropping Points
08:30
₹ 1,550
15 Seats Left
Select Seat
Cancellation Policy]]>
            </line>
            <line>
              <![CDATA[AVM Tours And Travels
A-C Sleeper (2+1)
23:00
10h
Boarding/Dropping Points
09:00
₹ 1,570
34 Seats Left
Select Seat
Cancellation Policy]]>
            </line>
            <line>
              <![CDATA[Dheeraj Tours And Travels
A-C Sleeper (2+1)
23:00
9h 30m
Boarding/Dropping Points
08:30
₹ 1,630
34 Seats Left
Select Seat
Cancellation Policy]]>
            </line>
            <line>
              <![CDATA[Nida Tours and Travels
Capella A-C Sleeper (2+1)
23:00
10h
Boarding/Dropping Points
09:00
₹ 1,680
32 Seats Left
Select Seat
Cancellation Policy]]>
            </line>
            <line>
              <![CDATA[Jabbar Travels
A-C, Sleeper, Scania, Multi Axle
23:00
9h
Boarding/Dropping Points
08:00
₹ 1,690
32 Seats Left
Select Seat
Cancellation Policy]]>
            </line>
            <line>
              <![CDATA[Jabbar Travels
SCANIA AC Multi Axle Sleeper (2 + 1)
23:00
9h
Boarding/Dropping Points
08:00
₹ 1,690
32 Seats Left
Select Seat
Cancellation Policy]]>
            </line>
            <line>
              <![CDATA[Maahi Metro
Volvo Multi-Axle B9R Sleeper (2+1)
23:00
9h 20m
Boarding/Dropping Points
08:20
₹ 1,890
37 Seats Left
Select Seat
Cancellation Policy]]>
            </line>
            <line>
              <![CDATA[Rajesh Transports
A-C Sleeper (2+1)
23:00
9h 15m
Boarding/Dropping Points
08:15
₹ 2,000
30 Seats Left
Select Seat
Cancellation Policy]]>
            </line>
            <line>
              <![CDATA[Sri Krishna Travels
AC Sleeper (2 + 1)
23:00
9h
Boarding/Dropping Points
08:00
₹ 3,000
37 Seats Left
Select Seat
Cancellation Policy]]>
            </line>
            <line>
              <![CDATA[KSM Roadlines
AC Sleeper (2 + 1)
23:15
8h 30m
Boarding/Dropping Points
07:45
₹ 2,000
4 Seats Left
Select Seat
Cancellation Policy]]>
            </line>
            <line>
              <![CDATA[KSM Road Lines
Benz A-C Sleeper (2+1)
23:15
9h 15m
Boarding/Dropping Points
08:30
₹ 2,100
6 Seats Left
Select Seat
Cancellation Policy]]>
            </line>
            <line>
              <![CDATA[KSM Roadlines
VOLVO AC Multi Axle Sleeper (2 + 1)
23:15
8h 30m
Boarding/Dropping Points
07:45
₹ 2,200
28 Seats Left
Select Seat
Cancellation Policy]]>
            </line>
            <line>
              <![CDATA[KSM Road Lines
Volvo Multi Axle Sleeper B11R (2+1)
23:15
8h 30m
Boarding/Dropping Points
07:45
₹ 2,310
42 Seats Left
Select Seat
Cancellation Policy]]>
            </line>
            <line>
              <![CDATA[KKaveri Travels
A-C Sleeper (2+1)
23:20
8h 55m
Boarding/Dropping Points
08:15
₹ 1,630
30 Seats Left
Select Seat
Cancellation Policy]]>
            </line>
            <line>
              <![CDATA[Intercity travels
Bharat Benz A-C Sleeper (2+1)
23:20
9h 40m
Boarding/Dropping Points
09:00
₹ 1,780
30 Seats Left
Select Seat
Cancellation Policy]]>
            </line>
            <line>
              <![CDATA[Orange Tours And Travels
Scania AC Multi Axle Sleeper (2+1)
23:20
9h 40m
Boarding/Dropping Points
09:00
₹ 1,850
39 Seats Left
Select Seat
Cancellation Policy]]>
            </line>
            <line>
              <![CDATA[Orange Tours and Travels
SCANIA AC Multi Axle Sleeper (2 + 1)
23:20
9h 55m
Boarding/Dropping Points
09:15
₹ 1,860
11 Seats Left
Select Seat
Cancellation Policy]]>
            </line>
            <line>
              <![CDATA[SRS Travels and Logistics Private Limited
SCANIA AC Semi Sleeper (2 + 2)
23:30
8h
Boarding/Dropping Points
07:30
₹ 900
47 Seats Left
Select Seat
Cancellation Policy]]>
            </line>
            <line>
              <![CDATA[SRS Travels
Scania Multi-Axle AC Semi Sleeper (2+2)
23:30
7h 50m
Boarding/Dropping Points
07:20
₹ 945
47 Seats Left
Select Seat
Cancellation Policy]]>
            </line>
            <line>
              <![CDATA[Orange Tours And Travels
Bharat Benz A-C Sleeper (2+1)
23:30
10h 20m
Boarding/Dropping Points
09:50
₹ 1,630
30 Seats Left
Select Seat
Cancellation Policy]]>
            </line>
            <line>
              <![CDATA[Maahi Metro Tours and Travels
VOLVO AC Multi Axle Sleeper (2 + 1)
23:30
8h
Boarding/Dropping Points
07:30
₹ 1,800
25 Seats Left
Select Seat
Cancellation Policy]]>
            </line>
            <line>
              <![CDATA[Morning Star Travels
A-C Sleeper (2+1)
23:35
7h 5m
Boarding/Dropping Points
06:40
₹ 1,630
30 Seats Left
Select Seat
Cancellation Policy]]>
            </line>
            <line>
              <![CDATA[==============================================]]>
            </line>
          </reporter-output>
        </test-method> <!-- SearchBuses -->
        <test-method signature="YatraFilters(java.lang.String,java.lang.String)[pri:2, instance:org.qa.testscripts.TC_SeatSelection_003@6392827e]" started-at="2022-07-08T10:32:06 IST" name="YatraFilters" data-provider="getData" finished-at="2022-07-08T10:32:33 IST" duration-ms="27444" status="PASS">
          <params>
            <param index="0">
              <value>
                <![CDATA[Hyderabad]]>
              </value>
            </param>
            <param index="1">
              <value>
                <![CDATA[Bangalore]]>
              </value>
            </param>
          </params>
          <reporter-output>
            <line>
              <![CDATA[User is landed on the desired page]]>
            </line>
            <line>
              <![CDATA[Filter Tab is Displayed in the page!.]]>
            </line>
            <line>
              <![CDATA[BusType Element is clicked]]>
            </line>
            <line>
              <![CDATA[AcSeater option is displayed]]>
            </line>
            <line>
              <![CDATA[AcSleeper checkbox is Enabled]]>
            </line>
            <line>
              <![CDATA[DepartTime is Selected]]>
            </line>
            <line>
              <![CDATA[ArrivalTime is Selected]]>
            </line>
            <line>
              <![CDATA[ApplyFilter button is enabled]]>
            </line>
            <line>
              <![CDATA[Available buses based on Filters : 13]]>
            </line>
            <line>
              <![CDATA[Orange Tours And Travels
Scania AC Multi Axle Sleeper (2+1)
14:55
9h 35m
Boarding/Dropping Points
00:30
₹ 1,850
31 Seats Left
Select Seat
Cancellation Policy]]>
            </line>
            <line>
              <![CDATA[Orange Tours and Travels Platinum
Volvo Multi-Axle Sleeper A-C (2+1)
14:55
9h 20m
Boarding/Dropping Points
00:15
₹ 1,850
39 Seats Left
Select Seat
Cancellation Policy]]>
            </line>
            <line>
              <![CDATA[Kallada Travels (Suresh Kallada)
A-C Sleeper (2+1)
15:15
10h
Boarding/Dropping Points
01:15
₹ 1,470
25 Seats Left
Select Seat
Cancellation Policy]]>
            </line>
            <line>
              <![CDATA[Swamy Ayyappa Travels
Capella A-C Sleeper (2+1)
15:20
9h 45m
Boarding/Dropping Points
01:05
₹ 1,630
31 Seats Left
Select Seat
Cancellation Policy]]>
            </line>
            <line>
              <![CDATA[Swamy Ayyappa Travels
Capella A-C Sleeper (2+1)
15:20
10h
Boarding/Dropping Points
01:20
₹ 1,630
36 Seats Left
Select Seat
Cancellation Policy]]>
            </line>
            <line>
              <![CDATA[Alhind Tours and Travels Pvt Ltd
Volvo Multi-Axle Sleeper A-C (2+1)
15:40
9h 35m
Boarding/Dropping Points
01:15
₹ 1,580
35 Seats Left
Select Seat
Cancellation Policy]]>
            </line>
            <line>
              <![CDATA[Orange Tours and Travels Platinum
Volvo Multi-Axle Sleeper A-C (2+1)
15:50
9h 55m
Boarding/Dropping Points
01:45
₹ 1,850
31 Seats Left
Select Seat
Cancellation Policy]]>
            </line>
            <line>
              <![CDATA[Swamy Ayyappa Travels
AC Sleeper (2 + 1)
16:00
9h 15m
Boarding/Dropping Points
01:15
₹ 1,550
36 Seats Left
Select Seat
Cancellation Policy]]>
            </line>
            <line>
              <![CDATA[Kallada Travels (Suresh Kallada)
A-C Sleeper (2+1)
16:15
9h 45m
Boarding/Dropping Points
02:00
₹ 1,470
25 Seats Left
Select Seat
Cancellation Policy]]>
            </line>
            <line>
              <![CDATA[Swamy Ayyappa Travels
Volvo Multi-Axle Sleeper A-C (2+1)
16:20
10h 5m
Boarding/Dropping Points
02:25
₹ 1,680
35 Seats Left
Select Seat
Cancellation Policy]]>
            </line>
            <line>
              <![CDATA[Orange Tours and Travels Platinum
VOLVO AC Multi Axle Sleeper (2 + 1)
16:30
9h 45m
Boarding/Dropping Points
02:15
₹ 1,550
16 Seats Left
Select Seat
Cancellation Policy]]>
            </line>
            <line>
              <![CDATA[Swamy Ayyappa Travels
AC Sleeper (2 + 1)
17:00
8h
Boarding/Dropping Points
01:00
₹ 1,550
31 Seats Left
Select Seat
Cancellation Policy]]>
            </line>
            <line>
              <![CDATA[Swamy Ayyappa Travels
VOLVO AC Multi Axle Sleeper (2 + 1)
17:15
9h 30m
Boarding/Dropping Points
02:45
₹ 1,600
35 Seats Left
Select Seat
Cancellation Policy]]>
            </line>
            <line>
              <![CDATA[BeforeFilter : 203]]>
            </line>
            <line>
              <![CDATA[AfterFilter :13]]>
            </line>
            <line>
              <![CDATA[TestCase is Passed!]]>
            </line>
          </reporter-output>
        </test-method> <!-- YatraFilters -->
        <test-method signature="YatraSeatSelection(java.lang.String,java.lang.String)[pri:3, instance:org.qa.testscripts.TC_SeatSelection_003@6392827e]" started-at="2022-07-08T10:32:34 IST" name="YatraSeatSelection" data-provider="getData" finished-at="2022-07-08T10:32:47 IST" duration-ms="13025" status="PASS">
          <params>
            <param index="0">
              <value>
                <![CDATA[Hyderabad]]>
              </value>
            </param>
            <param index="1">
              <value>
                <![CDATA[Bangalore]]>
              </value>
            </param>
          </params>
          <reporter-output>
            <line>
              <![CDATA[User is landed on SeatSelection page]]>
            </line>
            <line>
              <![CDATA[SelecctSeat button is enable]]>
            </line>
            <line>
              <![CDATA[Total Available Seats are : 31]]>
            </line>
            <line>
              <![CDATA[==================================]]>
            </line>
            <line>
              <![CDATA[Select Boarding Points
 Suchitra
Orange Travels,Opposite to Swagath Grand Hotel , Beside Metro Super market - 01:30 PM
Dundigal
Dundigal Orange Tours and Travels garage,near ORR - 01:35 PM
Kukatpally
Near Airtel Store, Piller no , 818 Opp Bjp Office, Kukatpally - 02:00 PM
Paradise
Paradise,Near Fire station - 02:00 PM
Kukatpally
Near Ramdevrao Hospital - 02:05 PM
Nizampet
Near Indian Oil Petrol Bunk - 02:10 PM
Miyapur
Near Ks Bakers Beside Samsung Plaza - 02:20 PM
Miyapur
Near Orange Travels ,Bata Showroom - 02:25 PM
SR Nagar
Near Orange Travels Office , Metro Piller No 1017,Opp Sr nagar Bus stop - 02:30 PM
Chanda Nagar
City Bus Stop - 02:35 PM
Ameerpet
Near Big Bazar - 02:40 PM
Bhel
Opp Jyothi Theatre - 02:40 PM
Panjagutta
Near Red Rose Hotel Beside Indian Oil Petrol Pump - 02:45 PM
Ramachandra Puram
Opp Svc Sangeetha Theatre - 02:50 PM
Lakdikapul
Near Bank Of Baroda - 02:55 PM
Patancheru
Pantancheru after bus stand - 03:00 PM
Mehdipatnam
Near Orange Travels Office,Pillar No 53 54 Toward Attapur Road - 03:15 PM
Rajendranagar
Rajendra Nagar - Pillar No: 222 /223, towards Aramghar road - 03:30 PM
Shivarampalli
Aramghar , Near Parivar dhaba - 03:45 PM
Shamshabad
Near Pulla Reddy Sweet House - 04:00 PM
Jadcherla
Jadcherla, flyover ending ,Near ASR Gardens - 05:00 PM]]>
            </line>
            <line>
              <![CDATA[==================================]]>
            </line>
          </reporter-output>
        </test-method> <!-- YatraSeatSelection -->
        <test-method is-config="true" signature="tearDown()[pri:0, instance:org.qa.testscripts.TC_SeatSelection_003@6392827e]" started-at="2022-07-08T10:32:47 IST" name="tearDown" finished-at="2022-07-08T10:32:47 IST" duration-ms="3" status="PASS">
          <reporter-output>
          </reporter-output>
        </test-method> <!-- tearDown -->
      </class> <!-- org.qa.testscripts.TC_SeatSelection_003 -->
    </test> <!-- Functional Testing - Edge - Yatra -->
  </suite> <!-- Test Automation Suite -->
</testng-results>
