<?xml version="1.0" encoding="UTF-8"?>
<!-- Generated by org.testng.reporters.JUnitXMLReporter -->
<testsuite ignored="0" hostname="LAPTOP-NF7HVJ36" failures="0" tests="3" name="Functional Testing - Edge - Yatra" time="79.961" errors="0" timestamp="2022-06-26T19:46:56 IST">
  <testcase classname="org.qa.testscripts.TC_YatraBuses_001" name="SearchBuses" time="26.402"/>
  <testcase classname="org.qa.testscripts.TC_Filter_002" name="YatraFilters" time="26.409"/>
  <testcase classname="org.qa.testscripts.TC_SeatSelection_003" name="YatraSeatSelection" time="6.544"/>
</testsuite> <!-- Functional Testing - Edge - Yatra -->
