<?xml version="1.0" encoding="UTF-8"?>
<!-- Generated by org.testng.reporters.JUnitXMLReporter -->
<testsuite ignored="0" hostname="LAPTOP-NF7HVJ36" failures="0" tests="3" name="Functional Testing - Edge - Yatra" time="122.257" errors="0" timestamp="2022-07-08T10:32:47 IST">
  <testcase classname="org.qa.testscripts.TC_YatraBuses_001" name="SearchBuses" time="53.498"/>
  <testcase classname="org.qa.testscripts.TC_Filter_002" name="YatraFilters" time="27.444"/>
  <testcase classname="org.qa.testscripts.TC_SeatSelection_003" name="YatraSeatSelection" time="13.025"/>
</testsuite> <!-- Functional Testing - Edge - Yatra -->
